2023-03-28 15:32:33,059 [Worker-1: Loading available Gradle versions] INFO  o.e.b.c.i.u.g.PublishedGradleVersions - Gradle version information cache is up-to-date. Trying to read.
2023-03-28 15:33:54,687 [Worker-20: Creating project "JunitTraning"] INFO  o.e.m.c.i.l.LifecycleMappingFactory - Using org.eclipse.m2e.jdt.JarLifecycleMapping lifecycle mapping for MavenProject: org.junitPrg:JunitTraning:0.0.1-SNAPSHOT @ D:\WorkSpace\inmakes\junit\JunitTraning\pom.xml.
2023-03-28 15:33:55,441 [Worker-20: Creating project "JunitTraning"] INFO  o.e.m.j.i.AbstractJavaProjectConfigurator - Adding source folder /JunitTraning/src/main/java
2023-03-28 15:33:55,444 [Worker-20: Creating project "JunitTraning"] INFO  o.e.m.j.i.AbstractJavaProjectConfigurator - Adding resource folder /JunitTraning/src/main/resources
2023-03-28 15:33:55,446 [Worker-20: Creating project "JunitTraning"] INFO  o.e.m.j.i.AbstractJavaProjectConfigurator - Adding source folder /JunitTraning/src/test/java
2023-03-28 15:33:55,446 [Worker-20: Creating project "JunitTraning"] INFO  o.e.m.j.i.AbstractJavaProjectConfigurator - Adding resource folder /JunitTraning/src/test/resources
2023-03-28 15:33:56,470 [Worker-20: Building] WARN  o.e.m.c.i.embedder.EclipseLogger - Using platform encoding (Cp1252 actually) to copy filtered resources, i.e. build is platform dependent!
2023-03-28 15:33:56,476 [Worker-20: Building] INFO  o.e.m.c.i.embedder.EclipseLogger - Copying 0 resource
2023-03-28 15:33:56,502 [Worker-20: Building] WARN  o.e.m.c.i.embedder.EclipseLogger - Using platform encoding (Cp1252 actually) to copy filtered resources, i.e. build is platform dependent!
2023-03-28 15:33:56,504 [Worker-20: Building] INFO  o.e.m.c.i.embedder.EclipseLogger - Copying 0 resource
2023-03-28 15:54:22,535 [Worker-29: Building] INFO  o.e.m.c.i.l.LifecycleMappingFactory - Using org.eclipse.m2e.jdt.JarLifecycleMapping lifecycle mapping for MavenProject: org.junitPrg:JunitTraning:0.0.1-SNAPSHOT @ D:\WorkSpace\inmakes\junit\JunitTraning\pom.xml.
2023-03-28 15:54:25,596 [Worker-15: Download sources and javadoc] INFO  o.e.m.c.i.e.AbstractTransferListenerAdapter - Downloading https://repo.maven.apache.org/maven2/org/seleniumhq/selenium/selenium-api/3.141.59/selenium-api-3.141.59-sources.jar
2023-03-28 15:54:26,380 [Worker-15: Download sources and javadoc] INFO  o.e.m.c.i.e.AbstractTransferListenerAdapter - Downloaded https://repo.maven.apache.org/maven2/org/seleniumhq/selenium/selenium-api/3.141.59/selenium-api-3.141.59-sources.jar
2023-03-28 15:54:26,386 [Worker-15: Download sources and javadoc] INFO  o.e.m.j.internal.DownloadSourcesJob - Downloaded sources for org.seleniumhq.selenium:selenium-api:3.141.59
2023-03-28 15:54:26,663 [Worker-15: Download sources and javadoc] INFO  o.e.m.c.i.e.AbstractTransferListenerAdapter - Downloading https://repo.maven.apache.org/maven2/org/seleniumhq/selenium/selenium-chrome-driver/3.141.59/selenium-chrome-driver-3.141.59-sources.jar
2023-03-28 15:54:26,819 [Worker-15: Download sources and javadoc] INFO  o.e.m.c.i.e.AbstractTransferListenerAdapter - Downloaded https://repo.maven.apache.org/maven2/org/seleniumhq/selenium/selenium-chrome-driver/3.141.59/selenium-chrome-driver-3.141.59-sources.jar
2023-03-28 15:54:26,823 [Worker-15: Download sources and javadoc] INFO  o.e.m.j.internal.DownloadSourcesJob - Downloaded sources for org.seleniumhq.selenium:selenium-chrome-driver:3.141.59
2023-03-28 15:54:27,117 [Worker-15: Download sources and javadoc] INFO  o.e.m.c.i.e.AbstractTransferListenerAdapter - Downloading https://repo.maven.apache.org/maven2/org/seleniumhq/selenium/selenium-remote-driver/3.141.59/selenium-remote-driver-3.141.59-sources.jar
2023-03-28 15:54:27,775 [Worker-15: Download sources and javadoc] INFO  o.e.m.c.i.e.AbstractTransferListenerAdapter - Downloaded https://repo.maven.apache.org/maven2/org/seleniumhq/selenium/selenium-remote-driver/3.141.59/selenium-remote-driver-3.141.59-sources.jar
2023-03-28 15:54:27,780 [Worker-15: Download sources and javadoc] INFO  o.e.m.j.internal.DownloadSourcesJob - Downloaded sources for org.seleniumhq.selenium:selenium-remote-driver:3.141.59
2023-03-28 15:54:28,108 [Worker-15: Download sources and javadoc] INFO  o.e.m.c.i.e.AbstractTransferListenerAdapter - Downloading https://repo.maven.apache.org/maven2/com/google/guava/guava/25.0-jre/guava-25.0-jre-sources.jar
2023-03-28 15:54:30,132 [Worker-29: Building] WARN  o.e.m.c.i.embedder.EclipseLogger - Using platform encoding (Cp1252 actually) to copy filtered resources, i.e. build is platform dependent!
2023-03-28 15:54:30,136 [Worker-29: Building] INFO  o.e.m.c.i.embedder.EclipseLogger - Copying 0 resource
2023-03-28 15:54:30,138 [Worker-29: Building] WARN  o.e.m.c.i.embedder.EclipseLogger - Using platform encoding (Cp1252 actually) to copy filtered resources, i.e. build is platform dependent!
2023-03-28 15:54:30,139 [Worker-29: Building] INFO  o.e.m.c.i.embedder.EclipseLogger - Copying 0 resource
2023-03-28 15:54:31,468 [Worker-30: Building] WARN  o.e.m.c.i.embedder.EclipseLogger - Using platform encoding (Cp1252 actually) to copy filtered resources, i.e. build is platform dependent!
2023-03-28 15:54:31,470 [Worker-30: Building] INFO  o.e.m.c.i.embedder.EclipseLogger - Copying 0 resource
2023-03-28 15:54:31,473 [Worker-30: Building] WARN  o.e.m.c.i.embedder.EclipseLogger - Using platform encoding (Cp1252 actually) to copy filtered resources, i.e. build is platform dependent!
2023-03-28 15:54:31,474 [Worker-30: Building] INFO  o.e.m.c.i.embedder.EclipseLogger - Copying 0 resource
2023-03-28 15:54:33,640 [Worker-15: Download sources and javadoc] INFO  o.e.m.c.i.e.AbstractTransferListenerAdapter - Downloaded https://repo.maven.apache.org/maven2/com/google/guava/guava/25.0-jre/guava-25.0-jre-sources.jar
2023-03-28 15:54:33,644 [Worker-15: Download sources and javadoc] INFO  o.e.m.j.internal.DownloadSourcesJob - Downloaded sources for com.google.guava:guava:25.0-jre
2023-03-28 15:54:33,946 [Worker-15: Download sources and javadoc] INFO  o.e.m.c.i.e.AbstractTransferListenerAdapter - Downloaded https://repo.maven.apache.org/maven2/com/google/code/findbugs/jsr305/1.3.9/jsr305-1.3.9-sources.jar
2023-03-28 15:54:33,957 [Worker-15: Download sources and javadoc] ERROR o.e.m.j.internal.DownloadSourcesJob - Could not download sources for com.google.code.findbugs:jsr305:1.3.9
org.eclipse.core.runtime.CoreException: Could not resolve artifact com.google.code.findbugs:jsr305:jar:sources:1.3.9
	at org.eclipse.m2e.core.internal.embedder.MavenImpl.lambda$6(MavenImpl.java:587)
	at org.eclipse.m2e.core.internal.embedder.MavenExecutionContext.executeBare(MavenExecutionContext.java:364)
	at org.eclipse.m2e.core.internal.embedder.MavenExecutionContext.execute(MavenExecutionContext.java:227)
	at org.eclipse.m2e.core.internal.embedder.MavenExecutionContext.execute(MavenExecutionContext.java:213)
	at org.eclipse.m2e.core.internal.embedder.MavenImpl.resolve(MavenImpl.java:556)
	at org.eclipse.m2e.core.internal.embedder.MavenImpl.resolve(MavenImpl.java:541)
	at org.eclipse.m2e.jdt.internal.DownloadSourcesJob.download(DownloadSourcesJob.java:308)
	at org.eclipse.m2e.jdt.internal.DownloadSourcesJob.downloadAttachments(DownloadSourcesJob.java:282)
	at org.eclipse.m2e.jdt.internal.DownloadSourcesJob.downloadMaven(DownloadSourcesJob.java:252)
	at org.eclipse.m2e.jdt.internal.DownloadSourcesJob.downloadFilesAndPopulateToUpdate(DownloadSourcesJob.java:220)
	at org.eclipse.m2e.jdt.internal.DownloadSourcesJob.lambda$0(DownloadSourcesJob.java:149)
	at org.eclipse.m2e.core.internal.embedder.MavenExecutionContext.executeBare(MavenExecutionContext.java:364)
	at org.eclipse.m2e.core.internal.embedder.MavenExecutionContext.execute(MavenExecutionContext.java:274)
	at org.eclipse.m2e.core.internal.embedder.MavenExecutionContext.execute(MavenExecutionContext.java:213)
	at org.eclipse.m2e.core.embedder.IMaven.execute(IMaven.java:294)
	at org.eclipse.m2e.jdt.internal.DownloadSourcesJob.run(DownloadSourcesJob.java:149)
	at org.eclipse.core.internal.jobs.Worker.run(Worker.java:63)
2023-03-28 15:54:34,240 [Worker-15: Download sources and javadoc] INFO  o.e.m.c.i.e.AbstractTransferListenerAdapter - Downloading https://repo.maven.apache.org/maven2/org/checkerframework/checker-compat-qual/2.0.0/checker-compat-qual-2.0.0-sources.jar
2023-03-28 15:54:40,727 [Worker-15: Download sources and javadoc] INFO  o.e.m.c.i.e.AbstractTransferListenerAdapter - Downloaded https://repo.maven.apache.org/maven2/org/checkerframework/checker-compat-qual/2.0.0/checker-compat-qual-2.0.0-sources.jar
2023-03-28 15:54:40,734 [Worker-15: Download sources and javadoc] INFO  o.e.m.j.internal.DownloadSourcesJob - Downloaded sources for org.checkerframework:checker-compat-qual:2.0.0
2023-03-28 15:54:41,054 [Worker-15: Download sources and javadoc] INFO  o.e.m.c.i.e.AbstractTransferListenerAdapter - Downloading https://repo.maven.apache.org/maven2/com/google/errorprone/error_prone_annotations/2.1.3/error_prone_annotations-2.1.3-sources.jar
2023-03-28 15:54:41,190 [Worker-15: Download sources and javadoc] INFO  o.e.m.c.i.e.AbstractTransferListenerAdapter - Downloaded https://repo.maven.apache.org/maven2/com/google/errorprone/error_prone_annotations/2.1.3/error_prone_annotations-2.1.3-sources.jar
2023-03-28 15:54:41,195 [Worker-15: Download sources and javadoc] INFO  o.e.m.j.internal.DownloadSourcesJob - Downloaded sources for com.google.errorprone:error_prone_annotations:2.1.3
2023-03-28 15:54:41,481 [Worker-15: Download sources and javadoc] INFO  o.e.m.c.i.e.AbstractTransferListenerAdapter - Downloading https://repo.maven.apache.org/maven2/com/google/j2objc/j2objc-annotations/1.1/j2objc-annotations-1.1-sources.jar
2023-03-28 15:54:41,637 [Worker-15: Download sources and javadoc] INFO  o.e.m.c.i.e.AbstractTransferListenerAdapter - Downloaded https://repo.maven.apache.org/maven2/com/google/j2objc/j2objc-annotations/1.1/j2objc-annotations-1.1-sources.jar
2023-03-28 15:54:41,641 [Worker-15: Download sources and javadoc] INFO  o.e.m.j.internal.DownloadSourcesJob - Downloaded sources for com.google.j2objc:j2objc-annotations:1.1
2023-03-28 15:54:41,891 [Worker-15: Download sources and javadoc] INFO  o.e.m.c.i.e.AbstractTransferListenerAdapter - Downloading https://repo.maven.apache.org/maven2/org/codehaus/mojo/animal-sniffer-annotations/1.14/animal-sniffer-annotations-1.14-sources.jar
2023-03-28 15:54:42,044 [Worker-15: Download sources and javadoc] INFO  o.e.m.c.i.e.AbstractTransferListenerAdapter - Downloaded https://repo.maven.apache.org/maven2/org/codehaus/mojo/animal-sniffer-annotations/1.14/animal-sniffer-annotations-1.14-sources.jar
2023-03-28 15:54:42,049 [Worker-15: Download sources and javadoc] INFO  o.e.m.j.internal.DownloadSourcesJob - Downloaded sources for org.codehaus.mojo:animal-sniffer-annotations:1.14
2023-03-28 15:54:42,395 [Worker-27: Building] WARN  o.e.m.c.i.embedder.EclipseLogger - Using platform encoding (Cp1252 actually) to copy filtered resources, i.e. build is platform dependent!
2023-03-28 15:54:42,397 [Worker-27: Building] INFO  o.e.m.c.i.embedder.EclipseLogger - Copying 0 resource
2023-03-28 15:54:42,399 [Worker-27: Building] WARN  o.e.m.c.i.embedder.EclipseLogger - Using platform encoding (Cp1252 actually) to copy filtered resources, i.e. build is platform dependent!
2023-03-28 15:54:42,400 [Worker-27: Building] INFO  o.e.m.c.i.embedder.EclipseLogger - Copying 0 resource
2023-03-28 15:55:31,147 [Worker-27: Building] WARN  o.e.m.c.i.embedder.EclipseLogger - Using platform encoding (Cp1252 actually) to copy filtered resources, i.e. build is platform dependent!
2023-03-28 15:55:31,149 [Worker-27: Building] INFO  o.e.m.c.i.embedder.EclipseLogger - Copying 0 resource
2023-03-28 15:55:31,153 [Worker-27: Building] WARN  o.e.m.c.i.embedder.EclipseLogger - Using platform encoding (Cp1252 actually) to copy filtered resources, i.e. build is platform dependent!
2023-03-28 15:55:31,154 [Worker-27: Building] INFO  o.e.m.c.i.embedder.EclipseLogger - Copying 0 resource
2023-03-28 15:58:47,654 [Worker-31: Launching ProjectJunit] WARN  o.e.m.c.i.embedder.EclipseLogger - Using platform encoding (Cp1252 actually) to copy filtered resources, i.e. build is platform dependent!
2023-03-28 15:58:47,655 [Worker-31: Launching ProjectJunit] INFO  o.e.m.c.i.embedder.EclipseLogger - Copying 0 resource
2023-03-28 15:58:47,656 [Worker-31: Launching ProjectJunit] WARN  o.e.m.c.i.embedder.EclipseLogger - Using platform encoding (Cp1252 actually) to copy filtered resources, i.e. build is platform dependent!
2023-03-28 15:58:47,657 [Worker-31: Launching ProjectJunit] INFO  o.e.m.c.i.embedder.EclipseLogger - Copying 0 resource
2023-03-28 15:58:49,263 [Worker-29: Download sources and javadoc] INFO  o.e.m.c.i.e.AbstractTransferListenerAdapter - Downloaded https://repo.maven.apache.org/maven2/com/google/code/findbugs/jsr305/1.3.9/jsr305-1.3.9-javadoc.jar
2023-03-28 15:58:49,266 [Worker-29: Download sources and javadoc] ERROR o.e.m.j.internal.DownloadSourcesJob - Could not download javadoc for com.google.code.findbugs:jsr305:1.3.9
org.eclipse.core.runtime.CoreException: Could not resolve artifact com.google.code.findbugs:jsr305:jar:javadoc:1.3.9
	at org.eclipse.m2e.core.internal.embedder.MavenImpl.lambda$6(MavenImpl.java:587)
	at org.eclipse.m2e.core.internal.embedder.MavenExecutionContext.executeBare(MavenExecutionContext.java:364)
	at org.eclipse.m2e.core.internal.embedder.MavenExecutionContext.execute(MavenExecutionContext.java:227)
	at org.eclipse.m2e.core.internal.embedder.MavenExecutionContext.execute(MavenExecutionContext.java:213)
	at org.eclipse.m2e.core.internal.embedder.MavenImpl.resolve(MavenImpl.java:556)
	at org.eclipse.m2e.core.internal.embedder.MavenImpl.resolve(MavenImpl.java:541)
	at org.eclipse.m2e.jdt.internal.DownloadSourcesJob.download(DownloadSourcesJob.java:308)
	at org.eclipse.m2e.jdt.internal.DownloadSourcesJob.downloadAttachments(DownloadSourcesJob.java:294)
	at org.eclipse.m2e.jdt.internal.DownloadSourcesJob.downloadMaven(DownloadSourcesJob.java:252)
	at org.eclipse.m2e.jdt.internal.DownloadSourcesJob.downloadFilesAndPopulateToUpdate(DownloadSourcesJob.java:220)
	at org.eclipse.m2e.jdt.internal.DownloadSourcesJob.lambda$0(DownloadSourcesJob.java:149)
	at org.eclipse.m2e.core.internal.embedder.MavenExecutionContext.executeBare(MavenExecutionContext.java:364)
	at org.eclipse.m2e.core.internal.embedder.MavenExecutionContext.execute(MavenExecutionContext.java:274)
	at org.eclipse.m2e.core.internal.embedder.MavenExecutionContext.execute(MavenExecutionContext.java:213)
	at org.eclipse.m2e.core.embedder.IMaven.execute(IMaven.java:294)
	at org.eclipse.m2e.jdt.internal.DownloadSourcesJob.run(DownloadSourcesJob.java:149)
	at org.eclipse.core.internal.jobs.Worker.run(Worker.java:63)
2023-03-28 16:07:26,961 [Worker-31: Launching ProjectJunit] WARN  o.e.m.c.i.embedder.EclipseLogger - Using platform encoding (Cp1252 actually) to copy filtered resources, i.e. build is platform dependent!
2023-03-28 16:07:26,962 [Worker-31: Launching ProjectJunit] INFO  o.e.m.c.i.embedder.EclipseLogger - Copying 0 resource
2023-03-28 16:07:26,964 [Worker-31: Launching ProjectJunit] WARN  o.e.m.c.i.embedder.EclipseLogger - Using platform encoding (Cp1252 actually) to copy filtered resources, i.e. build is platform dependent!
2023-03-28 16:07:26,966 [Worker-31: Launching ProjectJunit] INFO  o.e.m.c.i.embedder.EclipseLogger - Copying 0 resource
2023-03-28 16:11:26,121 [Worker-40: Launching ProjectJunit] WARN  o.e.m.c.i.embedder.EclipseLogger - Using platform encoding (Cp1252 actually) to copy filtered resources, i.e. build is platform dependent!
2023-03-28 16:11:26,123 [Worker-40: Launching ProjectJunit] INFO  o.e.m.c.i.embedder.EclipseLogger - Copying 0 resource
2023-03-28 16:11:26,126 [Worker-40: Launching ProjectJunit] WARN  o.e.m.c.i.embedder.EclipseLogger - Using platform encoding (Cp1252 actually) to copy filtered resources, i.e. build is platform dependent!
2023-03-28 16:11:26,128 [Worker-40: Launching ProjectJunit] INFO  o.e.m.c.i.embedder.EclipseLogger - Copying 0 resource
2023-03-28 16:12:26,572 [Worker-38: Building] WARN  o.e.m.c.i.embedder.EclipseLogger - Using platform encoding (Cp1252 actually) to copy filtered resources, i.e. build is platform dependent!
2023-03-28 16:12:26,572 [Worker-38: Building] INFO  o.e.m.c.i.embedder.EclipseLogger - Copying 0 resource
2023-03-28 16:12:26,575 [Worker-38: Building] WARN  o.e.m.c.i.embedder.EclipseLogger - Using platform encoding (Cp1252 actually) to copy filtered resources, i.e. build is platform dependent!
2023-03-28 16:12:26,575 [Worker-38: Building] INFO  o.e.m.c.i.embedder.EclipseLogger - Copying 0 resource
2023-03-28 16:12:56,146 [Worker-39: Launching ProjectJunit] WARN  o.e.m.c.i.embedder.EclipseLogger - Using platform encoding (Cp1252 actually) to copy filtered resources, i.e. build is platform dependent!
2023-03-28 16:12:56,147 [Worker-39: Launching ProjectJunit] INFO  o.e.m.c.i.embedder.EclipseLogger - Copying 0 resource
2023-03-28 16:12:56,148 [Worker-39: Launching ProjectJunit] WARN  o.e.m.c.i.embedder.EclipseLogger - Using platform encoding (Cp1252 actually) to copy filtered resources, i.e. build is platform dependent!
2023-03-28 16:12:56,149 [Worker-39: Launching ProjectJunit] INFO  o.e.m.c.i.embedder.EclipseLogger - Copying 0 resource
2023-03-28 16:15:39,400 [Worker-42: Launching ProjectJunit] WARN  o.e.m.c.i.embedder.EclipseLogger - Using platform encoding (Cp1252 actually) to copy filtered resources, i.e. build is platform dependent!
2023-03-28 16:15:39,403 [Worker-42: Launching ProjectJunit] INFO  o.e.m.c.i.embedder.EclipseLogger - Copying 0 resource
2023-03-28 16:15:39,405 [Worker-42: Launching ProjectJunit] WARN  o.e.m.c.i.embedder.EclipseLogger - Using platform encoding (Cp1252 actually) to copy filtered resources, i.e. build is platform dependent!
2023-03-28 16:15:39,407 [Worker-42: Launching ProjectJunit] INFO  o.e.m.c.i.embedder.EclipseLogger - Copying 0 resource
2023-03-28 16:35:12,937 [Worker-47: Building] INFO  o.e.m.c.i.l.LifecycleMappingFactory - Using org.eclipse.m2e.jdt.JarLifecycleMapping lifecycle mapping for MavenProject: org.junitPrg:JunitTraning:0.0.1-SNAPSHOT @ D:\WorkSpace\inmakes\junit\JunitBrowserprogram\pom.xml.
2023-03-28 16:35:13,490 [Worker-47: Building] WARN  o.e.m.c.i.embedder.EclipseLogger - Using platform encoding (Cp1252 actually) to copy filtered resources, i.e. build is platform dependent!
2023-03-28 16:35:13,495 [Worker-47: Building] INFO  o.e.m.c.i.embedder.EclipseLogger - Copying 0 resource
2023-03-28 16:35:13,497 [Worker-47: Building] WARN  o.e.m.c.i.embedder.EclipseLogger - Using platform encoding (Cp1252 actually) to copy filtered resources, i.e. build is platform dependent!
2023-03-28 16:35:13,498 [Worker-47: Building] INFO  o.e.m.c.i.embedder.EclipseLogger - Copying 0 resource
2023-03-28 16:35:13,875 [Worker-44: Building] WARN  o.e.m.c.i.embedder.EclipseLogger - Using platform encoding (Cp1252 actually) to copy filtered resources, i.e. build is platform dependent!
2023-03-28 16:35:13,876 [Worker-44: Building] INFO  o.e.m.c.i.embedder.EclipseLogger - Copying 0 resource
2023-03-28 16:35:13,878 [Worker-44: Building] WARN  o.e.m.c.i.embedder.EclipseLogger - Using platform encoding (Cp1252 actually) to copy filtered resources, i.e. build is platform dependent!
2023-03-28 16:35:13,879 [Worker-44: Building] INFO  o.e.m.c.i.embedder.EclipseLogger - Copying 0 resource
2023-03-28 16:35:22,827 [Worker-46: Building] WARN  o.e.m.c.i.embedder.EclipseLogger - Using platform encoding (Cp1252 actually) to copy filtered resources, i.e. build is platform dependent!
2023-03-28 16:35:22,828 [Worker-46: Building] INFO  o.e.m.c.i.embedder.EclipseLogger - Copying 0 resource
2023-03-28 16:35:22,831 [Worker-46: Building] WARN  o.e.m.c.i.embedder.EclipseLogger - Using platform encoding (Cp1252 actually) to copy filtered resources, i.e. build is platform dependent!
2023-03-28 16:35:22,832 [Worker-46: Building] INFO  o.e.m.c.i.embedder.EclipseLogger - Copying 0 resource
2023-03-28 16:36:21,648 [Worker-43: Building] WARN  o.e.m.c.i.embedder.EclipseLogger - Using platform encoding (Cp1252 actually) to copy filtered resources, i.e. build is platform dependent!
2023-03-28 16:36:21,649 [Worker-43: Building] INFO  o.e.m.c.i.embedder.EclipseLogger - Copying 0 resource
2023-03-28 16:36:21,650 [Worker-43: Building] WARN  o.e.m.c.i.embedder.EclipseLogger - Using platform encoding (Cp1252 actually) to copy filtered resources, i.e. build is platform dependent!
2023-03-28 16:36:21,651 [Worker-43: Building] INFO  o.e.m.c.i.embedder.EclipseLogger - Copying 0 resource
2023-03-28 16:40:38,503 [Worker-44: Launching ProjectJunit (1)] WARN  o.e.m.c.i.embedder.EclipseLogger - Using platform encoding (Cp1252 actually) to copy filtered resources, i.e. build is platform dependent!
2023-03-28 16:40:38,504 [Worker-44: Launching ProjectJunit (1)] INFO  o.e.m.c.i.embedder.EclipseLogger - Copying 0 resource
2023-03-28 16:40:38,508 [Worker-44: Launching ProjectJunit (1)] WARN  o.e.m.c.i.embedder.EclipseLogger - Using platform encoding (Cp1252 actually) to copy filtered resources, i.e. build is platform dependent!
2023-03-28 16:40:38,509 [Worker-44: Launching ProjectJunit (1)] INFO  o.e.m.c.i.embedder.EclipseLogger - Copying 0 resource
2023-03-28 16:53:50,467 [Worker-52: Launching ProjectJunit (1)] WARN  o.e.m.c.i.embedder.EclipseLogger - Using platform encoding (Cp1252 actually) to copy filtered resources, i.e. build is platform dependent!
2023-03-28 16:53:50,468 [Worker-52: Launching ProjectJunit (1)] INFO  o.e.m.c.i.embedder.EclipseLogger - Copying 0 resource
2023-03-28 16:53:50,470 [Worker-52: Launching ProjectJunit (1)] WARN  o.e.m.c.i.embedder.EclipseLogger - Using platform encoding (Cp1252 actually) to copy filtered resources, i.e. build is platform dependent!
2023-03-28 16:53:50,470 [Worker-52: Launching ProjectJunit (1)] INFO  o.e.m.c.i.embedder.EclipseLogger - Copying 0 resource
2023-03-28 16:54:49,475 [Worker-49: Launching ProjectJunit (1)] WARN  o.e.m.c.i.embedder.EclipseLogger - Using platform encoding (Cp1252 actually) to copy filtered resources, i.e. build is platform dependent!
2023-03-28 16:54:49,475 [Worker-49: Launching ProjectJunit (1)] INFO  o.e.m.c.i.embedder.EclipseLogger - Copying 0 resource
2023-03-28 16:54:49,476 [Worker-49: Launching ProjectJunit (1)] WARN  o.e.m.c.i.embedder.EclipseLogger - Using platform encoding (Cp1252 actually) to copy filtered resources, i.e. build is platform dependent!
2023-03-28 16:54:49,477 [Worker-49: Launching ProjectJunit (1)] INFO  o.e.m.c.i.embedder.EclipseLogger - Copying 0 resource
2023-03-28 16:56:30,272 [Worker-49: Building] WARN  o.e.m.c.i.embedder.EclipseLogger - Using platform encoding (Cp1252 actually) to copy filtered resources, i.e. build is platform dependent!
2023-03-28 16:56:30,273 [Worker-49: Building] INFO  o.e.m.c.i.embedder.EclipseLogger - Copying 0 resource
2023-03-28 16:56:30,274 [Worker-49: Building] WARN  o.e.m.c.i.embedder.EclipseLogger - Using platform encoding (Cp1252 actually) to copy filtered resources, i.e. build is platform dependent!
2023-03-28 16:56:30,276 [Worker-49: Building] INFO  o.e.m.c.i.embedder.EclipseLogger - Copying 0 resource
2023-03-28 16:58:20,353 [Worker-52: Launching ProjectJunit (1)] WARN  o.e.m.c.i.embedder.EclipseLogger - Using platform encoding (Cp1252 actually) to copy filtered resources, i.e. build is platform dependent!
2023-03-28 16:58:20,354 [Worker-52: Launching ProjectJunit (1)] INFO  o.e.m.c.i.embedder.EclipseLogger - Copying 0 resource
2023-03-28 16:58:20,356 [Worker-52: Launching ProjectJunit (1)] WARN  o.e.m.c.i.embedder.EclipseLogger - Using platform encoding (Cp1252 actually) to copy filtered resources, i.e. build is platform dependent!
2023-03-28 16:58:20,357 [Worker-52: Launching ProjectJunit (1)] INFO  o.e.m.c.i.embedder.EclipseLogger - Copying 0 resource
2023-03-28 16:59:54,298 [Worker-53: Building] WARN  o.e.m.c.i.embedder.EclipseLogger - Using platform encoding (Cp1252 actually) to copy filtered resources, i.e. build is platform dependent!
2023-03-28 16:59:54,299 [Worker-53: Building] INFO  o.e.m.c.i.embedder.EclipseLogger - Copying 0 resource
2023-03-28 16:59:54,301 [Worker-53: Building] WARN  o.e.m.c.i.embedder.EclipseLogger - Using platform encoding (Cp1252 actually) to copy filtered resources, i.e. build is platform dependent!
2023-03-28 16:59:54,302 [Worker-53: Building] INFO  o.e.m.c.i.embedder.EclipseLogger - Copying 0 resource
2023-03-28 17:10:57,479 [Worker-60: Building] WARN  o.e.m.c.i.embedder.EclipseLogger - Using platform encoding (Cp1252 actually) to copy filtered resources, i.e. build is platform dependent!
2023-03-28 17:10:57,481 [Worker-60: Building] INFO  o.e.m.c.i.embedder.EclipseLogger - Copying 0 resource
2023-03-28 17:10:57,482 [Worker-60: Building] WARN  o.e.m.c.i.embedder.EclipseLogger - Using platform encoding (Cp1252 actually) to copy filtered resources, i.e. build is platform dependent!
2023-03-28 17:10:57,484 [Worker-60: Building] INFO  o.e.m.c.i.embedder.EclipseLogger - Copying 0 resource
2023-03-28 17:11:19,906 [Worker-56: Building] WARN  o.e.m.c.i.embedder.EclipseLogger - Using platform encoding (Cp1252 actually) to copy filtered resources, i.e. build is platform dependent!
2023-03-28 17:11:19,907 [Worker-56: Building] INFO  o.e.m.c.i.embedder.EclipseLogger - Copying 0 resource
2023-03-28 17:11:19,908 [Worker-56: Building] WARN  o.e.m.c.i.embedder.EclipseLogger - Using platform encoding (Cp1252 actually) to copy filtered resources, i.e. build is platform dependent!
2023-03-28 17:11:19,908 [Worker-56: Building] INFO  o.e.m.c.i.embedder.EclipseLogger - Copying 0 resource
2023-03-28 17:12:02,708 [Worker-60: Building] WARN  o.e.m.c.i.embedder.EclipseLogger - Using platform encoding (Cp1252 actually) to copy filtered resources, i.e. build is platform dependent!
2023-03-28 17:12:02,709 [Worker-60: Building] INFO  o.e.m.c.i.embedder.EclipseLogger - Copying 0 resource
2023-03-28 17:12:02,711 [Worker-60: Building] WARN  o.e.m.c.i.embedder.EclipseLogger - Using platform encoding (Cp1252 actually) to copy filtered resources, i.e. build is platform dependent!
2023-03-28 17:12:02,712 [Worker-60: Building] INFO  o.e.m.c.i.embedder.EclipseLogger - Copying 0 resource
2023-03-28 17:13:31,150 [Worker-58: Building] WARN  o.e.m.c.i.embedder.EclipseLogger - Using platform encoding (Cp1252 actually) to copy filtered resources, i.e. build is platform dependent!
2023-03-28 17:13:31,150 [Worker-58: Building] INFO  o.e.m.c.i.embedder.EclipseLogger - Copying 0 resource
2023-03-28 17:13:31,151 [Worker-58: Building] WARN  o.e.m.c.i.embedder.EclipseLogger - Using platform encoding (Cp1252 actually) to copy filtered resources, i.e. build is platform dependent!
2023-03-28 17:13:31,152 [Worker-58: Building] INFO  o.e.m.c.i.embedder.EclipseLogger - Copying 0 resource
2023-03-28 17:13:45,888 [Worker-60: Building] WARN  o.e.m.c.i.embedder.EclipseLogger - Using platform encoding (Cp1252 actually) to copy filtered resources, i.e. build is platform dependent!
2023-03-28 17:13:45,891 [Worker-60: Building] INFO  o.e.m.c.i.embedder.EclipseLogger - Copying 0 resource
2023-03-28 17:13:45,893 [Worker-60: Building] WARN  o.e.m.c.i.embedder.EclipseLogger - Using platform encoding (Cp1252 actually) to copy filtered resources, i.e. build is platform dependent!
2023-03-28 17:13:45,895 [Worker-60: Building] INFO  o.e.m.c.i.embedder.EclipseLogger - Copying 0 resource
2023-03-28 17:15:39,076 [Worker-63: Building] WARN  o.e.m.c.i.embedder.EclipseLogger - Using platform encoding (Cp1252 actually) to copy filtered resources, i.e. build is platform dependent!
2023-03-28 17:15:39,077 [Worker-63: Building] INFO  o.e.m.c.i.embedder.EclipseLogger - Copying 0 resource
2023-03-28 17:15:39,078 [Worker-63: Building] WARN  o.e.m.c.i.embedder.EclipseLogger - Using platform encoding (Cp1252 actually) to copy filtered resources, i.e. build is platform dependent!
2023-03-28 17:15:39,078 [Worker-63: Building] INFO  o.e.m.c.i.embedder.EclipseLogger - Copying 0 resource
2023-03-28 17:19:14,996 [Worker-63: Launching ProjectJunit (1)] WARN  o.e.m.c.i.embedder.EclipseLogger - Using platform encoding (Cp1252 actually) to copy filtered resources, i.e. build is platform dependent!
2023-03-28 17:19:14,997 [Worker-63: Launching ProjectJunit (1)] INFO  o.e.m.c.i.embedder.EclipseLogger - Copying 0 resource
2023-03-28 17:19:14,998 [Worker-63: Launching ProjectJunit (1)] WARN  o.e.m.c.i.embedder.EclipseLogger - Using platform encoding (Cp1252 actually) to copy filtered resources, i.e. build is platform dependent!
2023-03-28 17:19:14,998 [Worker-63: Launching ProjectJunit (1)] INFO  o.e.m.c.i.embedder.EclipseLogger - Copying 0 resource
2023-03-28 17:20:02,382 [Worker-60: Launching FbLoginJunit] WARN  o.e.m.c.i.embedder.EclipseLogger - Using platform encoding (Cp1252 actually) to copy filtered resources, i.e. build is platform dependent!
2023-03-28 17:20:02,383 [Worker-60: Launching FbLoginJunit] INFO  o.e.m.c.i.embedder.EclipseLogger - Copying 0 resource
2023-03-28 17:20:02,384 [Worker-60: Launching FbLoginJunit] WARN  o.e.m.c.i.embedder.EclipseLogger - Using platform encoding (Cp1252 actually) to copy filtered resources, i.e. build is platform dependent!
2023-03-28 17:20:02,385 [Worker-60: Launching FbLoginJunit] INFO  o.e.m.c.i.embedder.EclipseLogger - Copying 0 resource
2023-03-28 17:20:41,099 [Worker-56: Launching FbLoginJunit] WARN  o.e.m.c.i.embedder.EclipseLogger - Using platform encoding (Cp1252 actually) to copy filtered resources, i.e. build is platform dependent!
2023-03-28 17:20:41,100 [Worker-56: Launching FbLoginJunit] INFO  o.e.m.c.i.embedder.EclipseLogger - Copying 0 resource
2023-03-28 17:20:41,101 [Worker-56: Launching FbLoginJunit] WARN  o.e.m.c.i.embedder.EclipseLogger - Using platform encoding (Cp1252 actually) to copy filtered resources, i.e. build is platform dependent!
2023-03-28 17:20:41,102 [Worker-56: Launching FbLoginJunit] INFO  o.e.m.c.i.embedder.EclipseLogger - Copying 0 resource
2023-03-28 17:20:55,984 [Worker-56: Launching FbLoginJunit] WARN  o.e.m.c.i.embedder.EclipseLogger - Using platform encoding (Cp1252 actually) to copy filtered resources, i.e. build is platform dependent!
2023-03-28 17:20:55,985 [Worker-56: Launching FbLoginJunit] INFO  o.e.m.c.i.embedder.EclipseLogger - Copying 0 resource
2023-03-28 17:20:55,986 [Worker-56: Launching FbLoginJunit] WARN  o.e.m.c.i.embedder.EclipseLogger - Using platform encoding (Cp1252 actually) to copy filtered resources, i.e. build is platform dependent!
2023-03-28 17:20:55,987 [Worker-56: Launching FbLoginJunit] INFO  o.e.m.c.i.embedder.EclipseLogger - Copying 0 resource
2023-03-28 17:28:56,103 [Worker-56: Building] WARN  o.e.m.c.i.embedder.EclipseLogger - Using platform encoding (Cp1252 actually) to copy filtered resources, i.e. build is platform dependent!
2023-03-28 17:28:56,104 [Worker-56: Building] INFO  o.e.m.c.i.embedder.EclipseLogger - Copying 0 resource
2023-03-28 17:28:56,105 [Worker-56: Building] WARN  o.e.m.c.i.embedder.EclipseLogger - Using platform encoding (Cp1252 actually) to copy filtered resources, i.e. build is platform dependent!
2023-03-28 17:28:56,106 [Worker-56: Building] INFO  o.e.m.c.i.embedder.EclipseLogger - Copying 0 resource
2023-03-28 17:31:01,662 [Worker-65: Launching FbLoginJunit] WARN  o.e.m.c.i.embedder.EclipseLogger - Using platform encoding (Cp1252 actually) to copy filtered resources, i.e. build is platform dependent!
2023-03-28 17:31:01,663 [Worker-65: Launching FbLoginJunit] INFO  o.e.m.c.i.embedder.EclipseLogger - Copying 0 resource
2023-03-28 17:31:01,664 [Worker-65: Launching FbLoginJunit] WARN  o.e.m.c.i.embedder.EclipseLogger - Using platform encoding (Cp1252 actually) to copy filtered resources, i.e. build is platform dependent!
2023-03-28 17:31:01,665 [Worker-65: Launching FbLoginJunit] INFO  o.e.m.c.i.embedder.EclipseLogger - Copying 0 resource
2023-03-28 17:34:04,157 [Worker-65: Launching FbLoginJunit] WARN  o.e.m.c.i.embedder.EclipseLogger - Using platform encoding (Cp1252 actually) to copy filtered resources, i.e. build is platform dependent!
2023-03-28 17:34:04,159 [Worker-65: Launching FbLoginJunit] INFO  o.e.m.c.i.embedder.EclipseLogger - Copying 0 resource
2023-03-28 17:34:04,160 [Worker-65: Launching FbLoginJunit] WARN  o.e.m.c.i.embedder.EclipseLogger - Using platform encoding (Cp1252 actually) to copy filtered resources, i.e. build is platform dependent!
2023-03-28 17:34:04,161 [Worker-65: Launching FbLoginJunit] INFO  o.e.m.c.i.embedder.EclipseLogger - Copying 0 resource
2023-03-28 17:35:34,334 [Worker-65: Launching FbLoginJunit] WARN  o.e.m.c.i.embedder.EclipseLogger - Using platform encoding (Cp1252 actually) to copy filtered resources, i.e. build is platform dependent!
2023-03-28 17:35:34,335 [Worker-65: Launching FbLoginJunit] INFO  o.e.m.c.i.embedder.EclipseLogger - Copying 0 resource
2023-03-28 17:35:34,336 [Worker-65: Launching FbLoginJunit] WARN  o.e.m.c.i.embedder.EclipseLogger - Using platform encoding (Cp1252 actually) to copy filtered resources, i.e. build is platform dependent!
2023-03-28 17:35:34,337 [Worker-65: Launching FbLoginJunit] INFO  o.e.m.c.i.embedder.EclipseLogger - Copying 0 resource
2023-03-28 17:38:15,129 [Worker-68: Building] WARN  o.e.m.c.i.embedder.EclipseLogger - Using platform encoding (Cp1252 actually) to copy filtered resources, i.e. build is platform dependent!
2023-03-28 17:38:15,131 [Worker-68: Building] INFO  o.e.m.c.i.embedder.EclipseLogger - Copying 0 resource
2023-03-28 17:38:15,133 [Worker-68: Building] WARN  o.e.m.c.i.embedder.EclipseLogger - Using platform encoding (Cp1252 actually) to copy filtered resources, i.e. build is platform dependent!
2023-03-28 17:38:15,134 [Worker-68: Building] INFO  o.e.m.c.i.embedder.EclipseLogger - Copying 0 resource
2023-03-28 22:42:10,257 [Worker-71: Launching FbLoginJunit] WARN  o.e.m.c.i.embedder.EclipseLogger - Using platform encoding (Cp1252 actually) to copy filtered resources, i.e. build is platform dependent!
2023-03-28 22:42:10,259 [Worker-71: Launching FbLoginJunit] INFO  o.e.m.c.i.embedder.EclipseLogger - Copying 0 resource
2023-03-28 22:42:10,260 [Worker-71: Launching FbLoginJunit] WARN  o.e.m.c.i.embedder.EclipseLogger - Using platform encoding (Cp1252 actually) to copy filtered resources, i.e. build is platform dependent!
2023-03-28 22:42:10,261 [Worker-71: Launching FbLoginJunit] INFO  o.e.m.c.i.embedder.EclipseLogger - Copying 0 resource
2023-03-28 22:49:01,816 [Worker-75: Launching FbLoginJunit] WARN  o.e.m.c.i.embedder.EclipseLogger - Using platform encoding (Cp1252 actually) to copy filtered resources, i.e. build is platform dependent!
2023-03-28 22:49:01,818 [Worker-75: Launching FbLoginJunit] INFO  o.e.m.c.i.embedder.EclipseLogger - Copying 0 resource
2023-03-28 22:49:01,819 [Worker-75: Launching FbLoginJunit] WARN  o.e.m.c.i.embedder.EclipseLogger - Using platform encoding (Cp1252 actually) to copy filtered resources, i.e. build is platform dependent!
2023-03-28 22:49:01,820 [Worker-75: Launching FbLoginJunit] INFO  o.e.m.c.i.embedder.EclipseLogger - Copying 0 resource
2023-03-28 22:51:28,292 [Worker-75: Launching FbLoginJunit] WARN  o.e.m.c.i.embedder.EclipseLogger - Using platform encoding (Cp1252 actually) to copy filtered resources, i.e. build is platform dependent!
2023-03-28 22:51:28,293 [Worker-75: Launching FbLoginJunit] INFO  o.e.m.c.i.embedder.EclipseLogger - Copying 0 resource
2023-03-28 22:51:28,294 [Worker-75: Launching FbLoginJunit] WARN  o.e.m.c.i.embedder.EclipseLogger - Using platform encoding (Cp1252 actually) to copy filtered resources, i.e. build is platform dependent!
2023-03-28 22:51:28,295 [Worker-75: Launching FbLoginJunit] INFO  o.e.m.c.i.embedder.EclipseLogger - Copying 0 resource
2023-03-28 22:53:45,611 [Worker-72: Launching FbLoginJunit] WARN  o.e.m.c.i.embedder.EclipseLogger - Using platform encoding (Cp1252 actually) to copy filtered resources, i.e. build is platform dependent!
2023-03-28 22:53:45,613 [Worker-72: Launching FbLoginJunit] INFO  o.e.m.c.i.embedder.EclipseLogger - Copying 0 resource
2023-03-28 22:53:45,614 [Worker-72: Launching FbLoginJunit] WARN  o.e.m.c.i.embedder.EclipseLogger - Using platform encoding (Cp1252 actually) to copy filtered resources, i.e. build is platform dependent!
2023-03-28 22:53:45,615 [Worker-72: Launching FbLoginJunit] INFO  o.e.m.c.i.embedder.EclipseLogger - Copying 0 resource
2023-03-28 22:55:52,696 [Worker-72: Launching FbLoginJunit] WARN  o.e.m.c.i.embedder.EclipseLogger - Using platform encoding (Cp1252 actually) to copy filtered resources, i.e. build is platform dependent!
2023-03-28 22:55:52,697 [Worker-72: Launching FbLoginJunit] INFO  o.e.m.c.i.embedder.EclipseLogger - Copying 0 resource
2023-03-28 22:55:52,698 [Worker-72: Launching FbLoginJunit] WARN  o.e.m.c.i.embedder.EclipseLogger - Using platform encoding (Cp1252 actually) to copy filtered resources, i.e. build is platform dependent!
2023-03-28 22:55:52,698 [Worker-72: Launching FbLoginJunit] INFO  o.e.m.c.i.embedder.EclipseLogger - Copying 0 resource
2023-03-28 23:00:00,069 [Worker-79: Launching FbLoginJunit] WARN  o.e.m.c.i.embedder.EclipseLogger - Using platform encoding (Cp1252 actually) to copy filtered resources, i.e. build is platform dependent!
2023-03-28 23:00:00,070 [Worker-79: Launching FbLoginJunit] INFO  o.e.m.c.i.embedder.EclipseLogger - Copying 0 resource
2023-03-28 23:00:00,071 [Worker-79: Launching FbLoginJunit] WARN  o.e.m.c.i.embedder.EclipseLogger - Using platform encoding (Cp1252 actually) to copy filtered resources, i.e. build is platform dependent!
2023-03-28 23:00:00,072 [Worker-79: Launching FbLoginJunit] INFO  o.e.m.c.i.embedder.EclipseLogger - Copying 0 resource
2023-03-28 23:32:01,146 [Worker-85: Building] WARN  o.e.m.c.i.embedder.EclipseLogger - Using platform encoding (Cp1252 actually) to copy filtered resources, i.e. build is platform dependent!
2023-03-28 23:32:01,153 [Worker-85: Building] INFO  o.e.m.c.i.embedder.EclipseLogger - Copying 0 resource
2023-03-28 23:32:01,155 [Worker-85: Building] WARN  o.e.m.c.i.embedder.EclipseLogger - Using platform encoding (Cp1252 actually) to copy filtered resources, i.e. build is platform dependent!
2023-03-28 23:32:01,156 [Worker-85: Building] INFO  o.e.m.c.i.embedder.EclipseLogger - Copying 0 resource
2023-03-28 23:33:02,208 [Worker-72: Building] WARN  o.e.m.c.i.embedder.EclipseLogger - Using platform encoding (Cp1252 actually) to copy filtered resources, i.e. build is platform dependent!
2023-03-28 23:33:02,209 [Worker-72: Building] INFO  o.e.m.c.i.embedder.EclipseLogger - Copying 0 resource
2023-03-28 23:33:02,211 [Worker-72: Building] WARN  o.e.m.c.i.embedder.EclipseLogger - Using platform encoding (Cp1252 actually) to copy filtered resources, i.e. build is platform dependent!
2023-03-28 23:33:02,211 [Worker-72: Building] INFO  o.e.m.c.i.embedder.EclipseLogger - Copying 0 resource
2023-03-28 23:33:09,039 [Worker-72: Building] WARN  o.e.m.c.i.embedder.EclipseLogger - Using platform encoding (Cp1252 actually) to copy filtered resources, i.e. build is platform dependent!
2023-03-28 23:33:09,043 [Worker-72: Building] INFO  o.e.m.c.i.embedder.EclipseLogger - Copying 0 resource
2023-03-28 23:33:09,044 [Worker-72: Building] WARN  o.e.m.c.i.embedder.EclipseLogger - Using platform encoding (Cp1252 actually) to copy filtered resources, i.e. build is platform dependent!
2023-03-28 23:33:09,045 [Worker-72: Building] INFO  o.e.m.c.i.embedder.EclipseLogger - Copying 0 resource
2023-03-28 23:34:20,321 [Worker-72: Building] WARN  o.e.m.c.i.embedder.EclipseLogger - Using platform encoding (Cp1252 actually) to copy filtered resources, i.e. build is platform dependent!
2023-03-28 23:34:20,322 [Worker-72: Building] INFO  o.e.m.c.i.embedder.EclipseLogger - Copying 0 resource
2023-03-28 23:34:20,323 [Worker-72: Building] WARN  o.e.m.c.i.embedder.EclipseLogger - Using platform encoding (Cp1252 actually) to copy filtered resources, i.e. build is platform dependent!
2023-03-28 23:34:20,323 [Worker-72: Building] INFO  o.e.m.c.i.embedder.EclipseLogger - Copying 0 resource
2023-03-28 23:35:35,498 [Worker-85: Launching FbLoginJunit] WARN  o.e.m.c.i.embedder.EclipseLogger - Using platform encoding (Cp1252 actually) to copy filtered resources, i.e. build is platform dependent!
2023-03-28 23:35:35,500 [Worker-85: Launching FbLoginJunit] INFO  o.e.m.c.i.embedder.EclipseLogger - Copying 0 resource
2023-03-28 23:35:35,502 [Worker-85: Launching FbLoginJunit] WARN  o.e.m.c.i.embedder.EclipseLogger - Using platform encoding (Cp1252 actually) to copy filtered resources, i.e. build is platform dependent!
2023-03-28 23:35:35,503 [Worker-85: Launching FbLoginJunit] INFO  o.e.m.c.i.embedder.EclipseLogger - Copying 0 resource
2023-03-28 23:56:37,323 [Worker-84: Building] WARN  o.e.m.c.i.embedder.EclipseLogger - Using platform encoding (Cp1252 actually) to copy filtered resources, i.e. build is platform dependent!
2023-03-28 23:56:37,329 [Worker-84: Building] INFO  o.e.m.c.i.embedder.EclipseLogger - Copying 0 resource
2023-03-28 23:56:37,332 [Worker-84: Building] WARN  o.e.m.c.i.embedder.EclipseLogger - Using platform encoding (Cp1252 actually) to copy filtered resources, i.e. build is platform dependent!
2023-03-28 23:56:37,333 [Worker-84: Building] INFO  o.e.m.c.i.embedder.EclipseLogger - Copying 0 resource
2023-03-29 00:02:18,254 [Worker-85: Building] WARN  o.e.m.c.i.embedder.EclipseLogger - Using platform encoding (Cp1252 actually) to copy filtered resources, i.e. build is platform dependent!
2023-03-29 00:02:18,255 [Worker-85: Building] INFO  o.e.m.c.i.embedder.EclipseLogger - Copying 0 resource
2023-03-29 00:02:18,257 [Worker-85: Building] WARN  o.e.m.c.i.embedder.EclipseLogger - Using platform encoding (Cp1252 actually) to copy filtered resources, i.e. build is platform dependent!
2023-03-29 00:02:18,258 [Worker-85: Building] INFO  o.e.m.c.i.embedder.EclipseLogger - Copying 0 resource
2023-03-29 00:03:17,930 [Worker-92: Building Workspace] WARN  o.e.m.c.i.embedder.EclipseLogger - Using platform encoding (Cp1252 actually) to copy filtered resources, i.e. build is platform dependent!
2023-03-29 00:03:17,930 [Worker-92: Building Workspace] INFO  o.e.m.c.i.embedder.EclipseLogger - Copying 0 resource
2023-03-29 00:03:17,931 [Worker-92: Building Workspace] WARN  o.e.m.c.i.embedder.EclipseLogger - Using platform encoding (Cp1252 actually) to copy filtered resources, i.e. build is platform dependent!
2023-03-29 00:03:17,932 [Worker-92: Building Workspace] INFO  o.e.m.c.i.embedder.EclipseLogger - Copying 0 resource
2023-03-29 00:03:18,055 [Worker-92: Building Workspace] WARN  o.e.m.c.i.embedder.EclipseLogger - Using platform encoding (Cp1252 actually) to copy filtered resources, i.e. build is platform dependent!
2023-03-29 00:03:18,055 [Worker-92: Building Workspace] INFO  o.e.m.c.i.embedder.EclipseLogger - Copying 0 resource
2023-03-29 00:03:18,055 [Worker-92: Building Workspace] WARN  o.e.m.c.i.embedder.EclipseLogger - Using platform encoding (Cp1252 actually) to copy filtered resources, i.e. build is platform dependent!
2023-03-29 00:03:18,056 [Worker-92: Building Workspace] INFO  o.e.m.c.i.embedder.EclipseLogger - Copying 0 resource
2023-03-29 00:03:43,485 [Worker-93: Launching Shopping] WARN  o.e.m.c.i.embedder.EclipseLogger - Using platform encoding (Cp1252 actually) to copy filtered resources, i.e. build is platform dependent!
2023-03-29 00:03:43,486 [Worker-93: Launching Shopping] INFO  o.e.m.c.i.embedder.EclipseLogger - Copying 0 resource
2023-03-29 00:03:43,487 [Worker-93: Launching Shopping] WARN  o.e.m.c.i.embedder.EclipseLogger - Using platform encoding (Cp1252 actually) to copy filtered resources, i.e. build is platform dependent!
2023-03-29 00:03:43,487 [Worker-93: Launching Shopping] INFO  o.e.m.c.i.embedder.EclipseLogger - Copying 0 resource
2023-03-29 00:08:13,434 [Worker-92: Launching FbLoginJunit] WARN  o.e.m.c.i.embedder.EclipseLogger - Using platform encoding (Cp1252 actually) to copy filtered resources, i.e. build is platform dependent!
2023-03-29 00:08:13,436 [Worker-92: Launching FbLoginJunit] INFO  o.e.m.c.i.embedder.EclipseLogger - Copying 0 resource
2023-03-29 00:08:13,437 [Worker-92: Launching FbLoginJunit] WARN  o.e.m.c.i.embedder.EclipseLogger - Using platform encoding (Cp1252 actually) to copy filtered resources, i.e. build is platform dependent!
2023-03-29 00:08:13,437 [Worker-92: Launching FbLoginJunit] INFO  o.e.m.c.i.embedder.EclipseLogger - Copying 0 resource
2023-03-29 00:10:31,736 [Worker-84: Launching FbLoginJunit] WARN  o.e.m.c.i.embedder.EclipseLogger - Using platform encoding (Cp1252 actually) to copy filtered resources, i.e. build is platform dependent!
2023-03-29 00:10:31,739 [Worker-84: Launching FbLoginJunit] INFO  o.e.m.c.i.embedder.EclipseLogger - Copying 0 resource
2023-03-29 00:10:31,740 [Worker-84: Launching FbLoginJunit] WARN  o.e.m.c.i.embedder.EclipseLogger - Using platform encoding (Cp1252 actually) to copy filtered resources, i.e. build is platform dependent!
2023-03-29 00:10:31,741 [Worker-84: Launching FbLoginJunit] INFO  o.e.m.c.i.embedder.EclipseLogger - Copying 0 resource
2023-03-29 00:24:25,844 [Worker-99: Building] WARN  o.e.m.c.i.embedder.EclipseLogger - Using platform encoding (Cp1252 actually) to copy filtered resources, i.e. build is platform dependent!
2023-03-29 00:24:25,846 [Worker-99: Building] INFO  o.e.m.c.i.embedder.EclipseLogger - Copying 0 resource
2023-03-29 00:24:25,847 [Worker-99: Building] WARN  o.e.m.c.i.embedder.EclipseLogger - Using platform encoding (Cp1252 actually) to copy filtered resources, i.e. build is platform dependent!
2023-03-29 00:24:25,849 [Worker-99: Building] INFO  o.e.m.c.i.embedder.EclipseLogger - Copying 0 resource
2023-03-29 00:25:08,790 [Worker-100: Building] WARN  o.e.m.c.i.embedder.EclipseLogger - Using platform encoding (Cp1252 actually) to copy filtered resources, i.e. build is platform dependent!
2023-03-29 00:25:08,791 [Worker-100: Building] INFO  o.e.m.c.i.embedder.EclipseLogger - Copying 0 resource
2023-03-29 00:25:08,793 [Worker-100: Building] WARN  o.e.m.c.i.embedder.EclipseLogger - Using platform encoding (Cp1252 actually) to copy filtered resources, i.e. build is platform dependent!
2023-03-29 00:25:08,794 [Worker-100: Building] INFO  o.e.m.c.i.embedder.EclipseLogger - Copying 0 resource
2023-03-29 00:25:15,774 [Worker-96: Launching FbLoginJunit] WARN  o.e.m.c.i.embedder.EclipseLogger - Using platform encoding (Cp1252 actually) to copy filtered resources, i.e. build is platform dependent!
2023-03-29 00:25:15,775 [Worker-96: Launching FbLoginJunit] INFO  o.e.m.c.i.embedder.EclipseLogger - Copying 0 resource
2023-03-29 00:25:15,776 [Worker-96: Launching FbLoginJunit] WARN  o.e.m.c.i.embedder.EclipseLogger - Using platform encoding (Cp1252 actually) to copy filtered resources, i.e. build is platform dependent!
2023-03-29 00:25:15,776 [Worker-96: Launching FbLoginJunit] INFO  o.e.m.c.i.embedder.EclipseLogger - Copying 0 resource
2023-03-29 00:28:24,879 [Worker-99: Building] WARN  o.e.m.c.i.embedder.EclipseLogger - Using platform encoding (Cp1252 actually) to copy filtered resources, i.e. build is platform dependent!
2023-03-29 00:28:24,880 [Worker-99: Building] INFO  o.e.m.c.i.embedder.EclipseLogger - Copying 0 resource
2023-03-29 00:28:24,881 [Worker-99: Building] WARN  o.e.m.c.i.embedder.EclipseLogger - Using platform encoding (Cp1252 actually) to copy filtered resources, i.e. build is platform dependent!
2023-03-29 00:28:24,882 [Worker-99: Building] INFO  o.e.m.c.i.embedder.EclipseLogger - Copying 0 resource
2023-03-29 00:35:10,427 [Worker-106: Launching FbLoginJunit] WARN  o.e.m.c.i.embedder.EclipseLogger - Using platform encoding (Cp1252 actually) to copy filtered resources, i.e. build is platform dependent!
2023-03-29 00:35:10,429 [Worker-106: Launching FbLoginJunit] INFO  o.e.m.c.i.embedder.EclipseLogger - Copying 0 resource
2023-03-29 00:35:10,431 [Worker-106: Launching FbLoginJunit] WARN  o.e.m.c.i.embedder.EclipseLogger - Using platform encoding (Cp1252 actually) to copy filtered resources, i.e. build is platform dependent!
2023-03-29 00:35:10,432 [Worker-106: Launching FbLoginJunit] INFO  o.e.m.c.i.embedder.EclipseLogger - Copying 0 resource
2023-03-29 00:40:45,543 [Worker-108: Building] WARN  o.e.m.c.i.embedder.EclipseLogger - Using platform encoding (Cp1252 actually) to copy filtered resources, i.e. build is platform dependent!
2023-03-29 00:40:45,546 [Worker-108: Building] INFO  o.e.m.c.i.embedder.EclipseLogger - Copying 0 resource
2023-03-29 00:40:45,548 [Worker-108: Building] WARN  o.e.m.c.i.embedder.EclipseLogger - Using platform encoding (Cp1252 actually) to copy filtered resources, i.e. build is platform dependent!
2023-03-29 00:40:45,549 [Worker-108: Building] INFO  o.e.m.c.i.embedder.EclipseLogger - Copying 0 resource
2023-03-29 00:41:10,341 [Worker-108: Building] WARN  o.e.m.c.i.embedder.EclipseLogger - Using platform encoding (Cp1252 actually) to copy filtered resources, i.e. build is platform dependent!
2023-03-29 00:41:10,343 [Worker-108: Building] INFO  o.e.m.c.i.embedder.EclipseLogger - Copying 0 resource
2023-03-29 00:41:10,345 [Worker-108: Building] WARN  o.e.m.c.i.embedder.EclipseLogger - Using platform encoding (Cp1252 actually) to copy filtered resources, i.e. build is platform dependent!
2023-03-29 00:41:10,346 [Worker-108: Building] INFO  o.e.m.c.i.embedder.EclipseLogger - Copying 0 resource
2023-03-29 00:47:07,781 [Worker-112: Building] WARN  o.e.m.c.i.embedder.EclipseLogger - Using platform encoding (Cp1252 actually) to copy filtered resources, i.e. build is platform dependent!
2023-03-29 00:47:07,782 [Worker-112: Building] INFO  o.e.m.c.i.embedder.EclipseLogger - Copying 0 resource
2023-03-29 00:47:07,783 [Worker-112: Building] WARN  o.e.m.c.i.embedder.EclipseLogger - Using platform encoding (Cp1252 actually) to copy filtered resources, i.e. build is platform dependent!
2023-03-29 00:47:07,784 [Worker-112: Building] INFO  o.e.m.c.i.embedder.EclipseLogger - Copying 0 resource
2023-03-29 00:47:26,922 [Worker-106: Building] WARN  o.e.m.c.i.embedder.EclipseLogger - Using platform encoding (Cp1252 actually) to copy filtered resources, i.e. build is platform dependent!
2023-03-29 00:47:26,923 [Worker-106: Building] INFO  o.e.m.c.i.embedder.EclipseLogger - Copying 0 resource
2023-03-29 00:47:26,925 [Worker-106: Building] WARN  o.e.m.c.i.embedder.EclipseLogger - Using platform encoding (Cp1252 actually) to copy filtered resources, i.e. build is platform dependent!
2023-03-29 00:47:26,926 [Worker-106: Building] INFO  o.e.m.c.i.embedder.EclipseLogger - Copying 0 resource
2023-03-29 00:47:35,088 [Worker-113: Building] WARN  o.e.m.c.i.embedder.EclipseLogger - Using platform encoding (Cp1252 actually) to copy filtered resources, i.e. build is platform dependent!
2023-03-29 00:47:35,090 [Worker-113: Building] INFO  o.e.m.c.i.embedder.EclipseLogger - Copying 0 resource
2023-03-29 00:47:35,091 [Worker-113: Building] WARN  o.e.m.c.i.embedder.EclipseLogger - Using platform encoding (Cp1252 actually) to copy filtered resources, i.e. build is platform dependent!
2023-03-29 00:47:35,092 [Worker-113: Building] INFO  o.e.m.c.i.embedder.EclipseLogger - Copying 0 resource
2023-03-29 00:51:51,120 [Worker-115: Building] WARN  o.e.m.c.i.embedder.EclipseLogger - Using platform encoding (Cp1252 actually) to copy filtered resources, i.e. build is platform dependent!
2023-03-29 00:51:51,121 [Worker-115: Building] INFO  o.e.m.c.i.embedder.EclipseLogger - Copying 0 resource
2023-03-29 00:51:51,122 [Worker-115: Building] WARN  o.e.m.c.i.embedder.EclipseLogger - Using platform encoding (Cp1252 actually) to copy filtered resources, i.e. build is platform dependent!
2023-03-29 00:51:51,123 [Worker-115: Building] INFO  o.e.m.c.i.embedder.EclipseLogger - Copying 0 resource
2023-03-29 01:18:09,598 [Worker-123: Building] WARN  o.e.m.c.i.embedder.EclipseLogger - Using platform encoding (Cp1252 actually) to copy filtered resources, i.e. build is platform dependent!
2023-03-29 01:18:09,599 [Worker-123: Building] INFO  o.e.m.c.i.embedder.EclipseLogger - Copying 0 resource
2023-03-29 01:18:09,600 [Worker-123: Building] WARN  o.e.m.c.i.embedder.EclipseLogger - Using platform encoding (Cp1252 actually) to copy filtered resources, i.e. build is platform dependent!
2023-03-29 01:18:09,601 [Worker-123: Building] INFO  o.e.m.c.i.embedder.EclipseLogger - Copying 0 resource
2023-03-29 09:26:04,650 [Worker-5: Loading available Gradle versions] INFO  o.e.b.c.i.u.g.PublishedGradleVersions - Gradle version information cache is up-to-date. Trying to read.
2023-03-29 09:27:17,426 [Worker-16: Launching RunnerClass] WARN  o.e.m.c.i.embedder.EclipseLogger - Using platform encoding (Cp1252 actually) to copy filtered resources, i.e. build is platform dependent!
2023-03-29 09:27:17,440 [Worker-16: Launching RunnerClass] INFO  o.e.m.c.i.embedder.EclipseLogger - Copying 0 resource
2023-03-29 09:27:17,443 [Worker-16: Launching RunnerClass] WARN  o.e.m.c.i.embedder.EclipseLogger - Using platform encoding (Cp1252 actually) to copy filtered resources, i.e. build is platform dependent!
2023-03-29 09:27:17,444 [Worker-16: Launching RunnerClass] INFO  o.e.m.c.i.embedder.EclipseLogger - Copying 0 resource
2023-03-29 09:29:22,037 [Worker-22: Launching A] WARN  o.e.m.c.i.embedder.EclipseLogger - Using platform encoding (Cp1252 actually) to copy filtered resources, i.e. build is platform dependent!
2023-03-29 09:29:22,042 [Worker-22: Launching A] INFO  o.e.m.c.i.embedder.EclipseLogger - Copying 0 resource
2023-03-29 09:29:22,045 [Worker-22: Launching A] WARN  o.e.m.c.i.embedder.EclipseLogger - Using platform encoding (Cp1252 actually) to copy filtered resources, i.e. build is platform dependent!
2023-03-29 09:29:22,048 [Worker-22: Launching A] INFO  o.e.m.c.i.embedder.EclipseLogger - Copying 0 resource
2023-03-29 09:30:07,650 [Worker-3: Launching RunnerClass] WARN  o.e.m.c.i.embedder.EclipseLogger - Using platform encoding (Cp1252 actually) to copy filtered resources, i.e. build is platform dependent!
2023-03-29 09:30:07,651 [Worker-3: Launching RunnerClass] INFO  o.e.m.c.i.embedder.EclipseLogger - Copying 0 resource
2023-03-29 09:30:07,653 [Worker-3: Launching RunnerClass] WARN  o.e.m.c.i.embedder.EclipseLogger - Using platform encoding (Cp1252 actually) to copy filtered resources, i.e. build is platform dependent!
2023-03-29 09:30:07,654 [Worker-3: Launching RunnerClass] INFO  o.e.m.c.i.embedder.EclipseLogger - Copying 0 resource
2023-03-29 10:19:32,444 [Worker-29: Building] WARN  o.e.m.c.i.embedder.EclipseLogger - Using platform encoding (Cp1252 actually) to copy filtered resources, i.e. build is platform dependent!
2023-03-29 10:19:32,449 [Worker-29: Building] INFO  o.e.m.c.i.embedder.EclipseLogger - Copying 0 resource
2023-03-29 10:19:32,459 [Worker-29: Building] WARN  o.e.m.c.i.embedder.EclipseLogger - Using platform encoding (Cp1252 actually) to copy filtered resources, i.e. build is platform dependent!
2023-03-29 10:19:32,461 [Worker-29: Building] INFO  o.e.m.c.i.embedder.EclipseLogger - Copying 0 resource
2023-03-29 10:19:40,363 [Worker-27: Building] WARN  o.e.m.c.i.embedder.EclipseLogger - Using platform encoding (Cp1252 actually) to copy filtered resources, i.e. build is platform dependent!
2023-03-29 10:19:40,366 [Worker-27: Building] INFO  o.e.m.c.i.embedder.EclipseLogger - Copying 0 resource
2023-03-29 10:19:40,370 [Worker-27: Building] WARN  o.e.m.c.i.embedder.EclipseLogger - Using platform encoding (Cp1252 actually) to copy filtered resources, i.e. build is platform dependent!
2023-03-29 10:19:40,373 [Worker-27: Building] INFO  o.e.m.c.i.embedder.EclipseLogger - Copying 0 resource
2023-03-29 10:19:43,984 [Worker-30: Building] WARN  o.e.m.c.i.embedder.EclipseLogger - Using platform encoding (Cp1252 actually) to copy filtered resources, i.e. build is platform dependent!
2023-03-29 10:19:43,986 [Worker-30: Building] INFO  o.e.m.c.i.embedder.EclipseLogger - Copying 0 resource
2023-03-29 10:19:43,989 [Worker-30: Building] WARN  o.e.m.c.i.embedder.EclipseLogger - Using platform encoding (Cp1252 actually) to copy filtered resources, i.e. build is platform dependent!
2023-03-29 10:19:43,991 [Worker-30: Building] INFO  o.e.m.c.i.embedder.EclipseLogger - Copying 0 resource
2023-03-29 10:25:21,916 [Worker-30: Launching RunnerClass (1)] WARN  o.e.m.c.i.embedder.EclipseLogger - Using platform encoding (Cp1252 actually) to copy filtered resources, i.e. build is platform dependent!
2023-03-29 10:25:21,917 [Worker-30: Launching RunnerClass (1)] INFO  o.e.m.c.i.embedder.EclipseLogger - Copying 0 resource
2023-03-29 10:25:21,919 [Worker-30: Launching RunnerClass (1)] WARN  o.e.m.c.i.embedder.EclipseLogger - Using platform encoding (Cp1252 actually) to copy filtered resources, i.e. build is platform dependent!
2023-03-29 10:25:21,920 [Worker-30: Launching RunnerClass (1)] INFO  o.e.m.c.i.embedder.EclipseLogger - Copying 0 resource
2023-03-29 10:42:39,905 [Worker-5: Loading available Gradle versions] INFO  o.e.b.c.i.u.g.PublishedGradleVersions - Gradle version information cache is up-to-date. Trying to read.
2023-03-30 12:22:52,003 [Worker-4: Loading available Gradle versions] INFO  o.e.b.c.i.u.g.PublishedGradleVersions - Gradle version information cache is up-to-date. Trying to read.
2023-03-30 12:22:53,990 [Worker-0: Building] WARN  o.e.m.c.i.embedder.EclipseLogger - Using platform encoding (Cp1252 actually) to copy filtered resources, i.e. build is platform dependent!
2023-03-30 12:22:53,993 [Worker-0: Building] INFO  o.e.m.c.i.embedder.EclipseLogger - Copying 0 resource
2023-03-30 12:22:53,997 [Worker-0: Building] WARN  o.e.m.c.i.embedder.EclipseLogger - Using platform encoding (Cp1252 actually) to copy filtered resources, i.e. build is platform dependent!
2023-03-30 12:22:53,998 [Worker-0: Building] INFO  o.e.m.c.i.embedder.EclipseLogger - Copying 0 resource
2023-03-30 12:22:54,383 [Worker-0: Building] WARN  o.e.m.c.i.embedder.EclipseLogger - Using platform encoding (Cp1252 actually) to copy filtered resources, i.e. build is platform dependent!
2023-03-30 12:22:54,384 [Worker-0: Building] INFO  o.e.m.c.i.embedder.EclipseLogger - Copying 0 resource
2023-03-30 12:22:54,387 [Worker-0: Building] WARN  o.e.m.c.i.embedder.EclipseLogger - Using platform encoding (Cp1252 actually) to copy filtered resources, i.e. build is platform dependent!
2023-03-30 12:22:54,388 [Worker-0: Building] INFO  o.e.m.c.i.embedder.EclipseLogger - Copying 0 resource
