2023-03-05 12:12:39,184 [Worker-7: Loading available Gradle versions] INFO  o.e.b.c.i.u.g.PublishedGradleVersions - Gradle version information cache is up-to-date. Trying to read.
2023-03-05 12:27:40,924 [Worker-6: Loading available Gradle versions] INFO  o.e.b.c.i.u.g.PublishedGradleVersions - Gradle version information cache is up-to-date. Trying to read.
2023-03-08 22:54:33,918 [Worker-5: Loading available Gradle versions] INFO  o.e.b.c.i.u.g.PublishedGradleVersions - Gradle version information cache is out-of-date. Trying to update.
2023-03-08 23:07:23,558 [Worker-6: Loading available Gradle versions] INFO  o.e.b.c.i.u.g.PublishedGradleVersions - Gradle version information cache is up-to-date. Trying to read.
2023-03-09 08:31:18,061 [Worker-2: Loading available Gradle versions] INFO  o.e.b.c.i.u.g.PublishedGradleVersions - Gradle version information cache is up-to-date. Trying to read.
2023-03-09 08:35:13,624 [Worker-22: Importing Maven projects] INFO  o.e.m.c.i.l.LifecycleMappingFactory - Using org.eclipse.m2e.jdt.JarLifecycleMapping lifecycle mapping for MavenProject: org.MavenProject:projectMaven:0.0.1-SNAPSHOT @ D:\WorkSpace\inmakes\selenium\SeleniumProject\seleniumProject\pom.xml.
2023-03-09 08:35:16,947 [Worker-22: Importing Maven projects] INFO  o.e.m.j.i.AbstractJavaProjectConfigurator - Adding source folder /projectMaven/src/main/java
2023-03-09 08:35:16,947 [Worker-22: Importing Maven projects] INFO  o.e.m.j.i.AbstractJavaProjectConfigurator - Adding resource folder /projectMaven/src/main/resources
2023-03-09 08:35:16,948 [Worker-22: Importing Maven projects] INFO  o.e.m.j.i.AbstractJavaProjectConfigurator - Adding source folder /projectMaven/src/test/java
2023-03-09 08:35:16,949 [Worker-22: Importing Maven projects] INFO  o.e.m.j.i.AbstractJavaProjectConfigurator - Adding resource folder /projectMaven/src/test/resources
2023-03-09 08:35:19,093 [Worker-22: Importing Maven projects] INFO  o.e.m.c.i.p.ProjectConfigurationManager - Imported and configured 1 project(s) in 6 sec
2023-03-09 08:35:23,010 [Worker-24: Building] WARN  o.e.m.c.i.embedder.EclipseLogger - Using platform encoding (Cp1252 actually) to copy filtered resources, i.e. build is platform dependent!
2023-03-09 08:35:23,014 [Worker-24: Building] INFO  o.e.m.c.i.embedder.EclipseLogger - Copying 0 resource
2023-03-09 08:35:23,018 [Worker-24: Building] WARN  o.e.m.c.i.embedder.EclipseLogger - Using platform encoding (Cp1252 actually) to copy filtered resources, i.e. build is platform dependent!
2023-03-09 08:35:23,019 [Worker-24: Building] INFO  o.e.m.c.i.embedder.EclipseLogger - Copying 0 resource
2023-03-09 08:44:34,391 [Worker-31: Building] INFO  o.e.m.c.i.l.LifecycleMappingFactory - Using org.eclipse.m2e.jdt.JarLifecycleMapping lifecycle mapping for MavenProject: org.MavenProject:projectMaven:0.0.1-SNAPSHOT @ D:\WorkSpace\inmakes\selenium\ProjectSelenium\pom.xml.
2023-03-09 08:44:37,204 [Worker-31: Building] WARN  o.e.m.c.i.embedder.EclipseLogger - Using platform encoding (Cp1252 actually) to copy filtered resources, i.e. build is platform dependent!
2023-03-09 08:44:37,205 [Worker-31: Building] INFO  o.e.m.c.i.embedder.EclipseLogger - Copying 0 resource
2023-03-09 08:44:37,207 [Worker-31: Building] WARN  o.e.m.c.i.embedder.EclipseLogger - Using platform encoding (Cp1252 actually) to copy filtered resources, i.e. build is platform dependent!
2023-03-09 08:44:37,207 [Worker-31: Building] INFO  o.e.m.c.i.embedder.EclipseLogger - Copying 0 resource
2023-03-09 08:45:22,436 [Worker-25: Building] WARN  o.e.m.c.i.embedder.EclipseLogger - Using platform encoding (Cp1252 actually) to copy filtered resources, i.e. build is platform dependent!
2023-03-09 08:45:22,438 [Worker-25: Building] INFO  o.e.m.c.i.embedder.EclipseLogger - Copying 0 resource
2023-03-09 08:45:22,440 [Worker-25: Building] WARN  o.e.m.c.i.embedder.EclipseLogger - Using platform encoding (Cp1252 actually) to copy filtered resources, i.e. build is platform dependent!
2023-03-09 08:45:22,495 [Worker-25: Building] INFO  o.e.m.c.i.embedder.EclipseLogger - Copying 0 resource
2023-03-09 08:57:52,563 [Worker-37: Building] WARN  o.e.m.c.i.embedder.EclipseLogger - Using platform encoding (Cp1252 actually) to copy filtered resources, i.e. build is platform dependent!
2023-03-09 08:57:52,565 [Worker-37: Building] INFO  o.e.m.c.i.embedder.EclipseLogger - Copying 0 resource
2023-03-09 08:57:52,566 [Worker-37: Building] WARN  o.e.m.c.i.embedder.EclipseLogger - Using platform encoding (Cp1252 actually) to copy filtered resources, i.e. build is platform dependent!
2023-03-09 08:57:52,567 [Worker-37: Building] INFO  o.e.m.c.i.embedder.EclipseLogger - Copying 0 resource
2023-03-09 09:12:44,672 [Worker-34: Launching MouseDragDrop] WARN  o.e.m.c.i.embedder.EclipseLogger - Using platform encoding (Cp1252 actually) to copy filtered resources, i.e. build is platform dependent!
2023-03-09 09:12:44,673 [Worker-34: Launching MouseDragDrop] INFO  o.e.m.c.i.embedder.EclipseLogger - Copying 0 resource
2023-03-09 09:12:44,675 [Worker-34: Launching MouseDragDrop] WARN  o.e.m.c.i.embedder.EclipseLogger - Using platform encoding (Cp1252 actually) to copy filtered resources, i.e. build is platform dependent!
2023-03-09 09:12:44,675 [Worker-34: Launching MouseDragDrop] INFO  o.e.m.c.i.embedder.EclipseLogger - Copying 0 resource
2023-03-09 09:13:10,873 [Worker-38: Launching MouseDragDrop] WARN  o.e.m.c.i.embedder.EclipseLogger - Using platform encoding (Cp1252 actually) to copy filtered resources, i.e. build is platform dependent!
2023-03-09 09:13:10,875 [Worker-38: Launching MouseDragDrop] INFO  o.e.m.c.i.embedder.EclipseLogger - Copying 0 resource
2023-03-09 09:13:10,877 [Worker-38: Launching MouseDragDrop] WARN  o.e.m.c.i.embedder.EclipseLogger - Using platform encoding (Cp1252 actually) to copy filtered resources, i.e. build is platform dependent!
2023-03-09 09:13:10,878 [Worker-38: Launching MouseDragDrop] INFO  o.e.m.c.i.embedder.EclipseLogger - Copying 0 resource
2023-03-09 09:13:57,450 [Worker-34: Building] WARN  o.e.m.c.i.embedder.EclipseLogger - Using platform encoding (Cp1252 actually) to copy filtered resources, i.e. build is platform dependent!
2023-03-09 09:13:57,452 [Worker-34: Building] INFO  o.e.m.c.i.embedder.EclipseLogger - Copying 0 resource
2023-03-09 09:13:57,453 [Worker-34: Building] WARN  o.e.m.c.i.embedder.EclipseLogger - Using platform encoding (Cp1252 actually) to copy filtered resources, i.e. build is platform dependent!
2023-03-09 09:13:57,454 [Worker-34: Building] INFO  o.e.m.c.i.embedder.EclipseLogger - Copying 0 resource
2023-03-09 09:14:53,429 [Worker-41: Building] WARN  o.e.m.c.i.embedder.EclipseLogger - Using platform encoding (Cp1252 actually) to copy filtered resources, i.e. build is platform dependent!
2023-03-09 09:14:53,430 [Worker-41: Building] INFO  o.e.m.c.i.embedder.EclipseLogger - Copying 0 resource
2023-03-09 09:14:53,432 [Worker-41: Building] WARN  o.e.m.c.i.embedder.EclipseLogger - Using platform encoding (Cp1252 actually) to copy filtered resources, i.e. build is platform dependent!
2023-03-09 09:14:53,433 [Worker-41: Building] INFO  o.e.m.c.i.embedder.EclipseLogger - Copying 0 resource
2023-03-09 09:16:34,970 [Worker-34: Building] WARN  o.e.m.c.i.embedder.EclipseLogger - Using platform encoding (Cp1252 actually) to copy filtered resources, i.e. build is platform dependent!
2023-03-09 09:16:34,971 [Worker-34: Building] INFO  o.e.m.c.i.embedder.EclipseLogger - Copying 0 resource
2023-03-09 09:16:34,973 [Worker-34: Building] WARN  o.e.m.c.i.embedder.EclipseLogger - Using platform encoding (Cp1252 actually) to copy filtered resources, i.e. build is platform dependent!
2023-03-09 09:16:34,974 [Worker-34: Building] INFO  o.e.m.c.i.embedder.EclipseLogger - Copying 0 resource
2023-03-09 09:17:59,595 [Worker-38: Launching MouseDragDrop] WARN  o.e.m.c.i.embedder.EclipseLogger - Using platform encoding (Cp1252 actually) to copy filtered resources, i.e. build is platform dependent!
2023-03-09 09:17:59,597 [Worker-38: Launching MouseDragDrop] INFO  o.e.m.c.i.embedder.EclipseLogger - Copying 0 resource
2023-03-09 09:17:59,598 [Worker-38: Launching MouseDragDrop] WARN  o.e.m.c.i.embedder.EclipseLogger - Using platform encoding (Cp1252 actually) to copy filtered resources, i.e. build is platform dependent!
2023-03-09 09:17:59,599 [Worker-38: Launching MouseDragDrop] INFO  o.e.m.c.i.embedder.EclipseLogger - Copying 0 resource
2023-03-09 09:23:30,161 [Worker-34: Building] WARN  o.e.m.c.i.embedder.EclipseLogger - Using platform encoding (Cp1252 actually) to copy filtered resources, i.e. build is platform dependent!
2023-03-09 09:23:30,173 [Worker-34: Building] INFO  o.e.m.c.i.embedder.EclipseLogger - Copying 0 resource
2023-03-09 09:23:30,174 [Worker-34: Building] WARN  o.e.m.c.i.embedder.EclipseLogger - Using platform encoding (Cp1252 actually) to copy filtered resources, i.e. build is platform dependent!
2023-03-09 09:23:30,175 [Worker-34: Building] INFO  o.e.m.c.i.embedder.EclipseLogger - Copying 0 resource
2023-03-09 09:24:02,592 [Worker-44: Building] WARN  o.e.m.c.i.embedder.EclipseLogger - Using platform encoding (Cp1252 actually) to copy filtered resources, i.e. build is platform dependent!
2023-03-09 09:24:02,593 [Worker-44: Building] INFO  o.e.m.c.i.embedder.EclipseLogger - Copying 0 resource
2023-03-09 09:24:02,595 [Worker-44: Building] WARN  o.e.m.c.i.embedder.EclipseLogger - Using platform encoding (Cp1252 actually) to copy filtered resources, i.e. build is platform dependent!
2023-03-09 09:24:02,595 [Worker-44: Building] INFO  o.e.m.c.i.embedder.EclipseLogger - Copying 0 resource
2023-03-09 09:24:28,688 [Worker-44: Building] WARN  o.e.m.c.i.embedder.EclipseLogger - Using platform encoding (Cp1252 actually) to copy filtered resources, i.e. build is platform dependent!
2023-03-09 09:24:28,689 [Worker-44: Building] INFO  o.e.m.c.i.embedder.EclipseLogger - Copying 0 resource
2023-03-09 09:24:28,690 [Worker-44: Building] WARN  o.e.m.c.i.embedder.EclipseLogger - Using platform encoding (Cp1252 actually) to copy filtered resources, i.e. build is platform dependent!
2023-03-09 09:24:28,692 [Worker-44: Building] INFO  o.e.m.c.i.embedder.EclipseLogger - Copying 0 resource
2023-03-09 09:29:06,872 [Worker-45: Building] WARN  o.e.m.c.i.embedder.EclipseLogger - Using platform encoding (Cp1252 actually) to copy filtered resources, i.e. build is platform dependent!
2023-03-09 09:29:06,873 [Worker-45: Building] INFO  o.e.m.c.i.embedder.EclipseLogger - Copying 0 resource
2023-03-09 09:29:06,874 [Worker-45: Building] WARN  o.e.m.c.i.embedder.EclipseLogger - Using platform encoding (Cp1252 actually) to copy filtered resources, i.e. build is platform dependent!
2023-03-09 09:29:06,875 [Worker-45: Building] INFO  o.e.m.c.i.embedder.EclipseLogger - Copying 0 resource
2023-03-09 09:30:57,120 [Worker-48: Launching FaceBookDirectLocators] WARN  o.e.m.c.i.embedder.EclipseLogger - Using platform encoding (Cp1252 actually) to copy filtered resources, i.e. build is platform dependent!
2023-03-09 09:30:57,121 [Worker-48: Launching FaceBookDirectLocators] INFO  o.e.m.c.i.embedder.EclipseLogger - Copying 0 resource
2023-03-09 09:30:57,123 [Worker-48: Launching FaceBookDirectLocators] WARN  o.e.m.c.i.embedder.EclipseLogger - Using platform encoding (Cp1252 actually) to copy filtered resources, i.e. build is platform dependent!
2023-03-09 09:30:57,125 [Worker-48: Launching FaceBookDirectLocators] INFO  o.e.m.c.i.embedder.EclipseLogger - Copying 0 resource
2023-03-09 09:31:48,248 [Worker-45: Launching FaceBookDirectLocators] WARN  o.e.m.c.i.embedder.EclipseLogger - Using platform encoding (Cp1252 actually) to copy filtered resources, i.e. build is platform dependent!
2023-03-09 09:31:48,250 [Worker-45: Launching FaceBookDirectLocators] INFO  o.e.m.c.i.embedder.EclipseLogger - Copying 0 resource
2023-03-09 09:31:48,253 [Worker-45: Launching FaceBookDirectLocators] WARN  o.e.m.c.i.embedder.EclipseLogger - Using platform encoding (Cp1252 actually) to copy filtered resources, i.e. build is platform dependent!
2023-03-09 09:31:48,255 [Worker-45: Launching FaceBookDirectLocators] INFO  o.e.m.c.i.embedder.EclipseLogger - Copying 0 resource
2023-03-09 09:35:54,651 [Worker-47: Building] WARN  o.e.m.c.i.embedder.EclipseLogger - Using platform encoding (Cp1252 actually) to copy filtered resources, i.e. build is platform dependent!
2023-03-09 09:35:54,652 [Worker-47: Building] INFO  o.e.m.c.i.embedder.EclipseLogger - Copying 0 resource
2023-03-09 09:35:54,654 [Worker-47: Building] WARN  o.e.m.c.i.embedder.EclipseLogger - Using platform encoding (Cp1252 actually) to copy filtered resources, i.e. build is platform dependent!
2023-03-09 09:35:54,655 [Worker-47: Building] INFO  o.e.m.c.i.embedder.EclipseLogger - Copying 0 resource
2023-03-09 09:36:47,466 [Worker-47: Launching MouseDragDrop] WARN  o.e.m.c.i.embedder.EclipseLogger - Using platform encoding (Cp1252 actually) to copy filtered resources, i.e. build is platform dependent!
2023-03-09 09:36:47,466 [Worker-47: Launching MouseDragDrop] INFO  o.e.m.c.i.embedder.EclipseLogger - Copying 0 resource
2023-03-09 09:36:47,468 [Worker-47: Launching MouseDragDrop] WARN  o.e.m.c.i.embedder.EclipseLogger - Using platform encoding (Cp1252 actually) to copy filtered resources, i.e. build is platform dependent!
2023-03-09 09:36:47,469 [Worker-47: Launching MouseDragDrop] INFO  o.e.m.c.i.embedder.EclipseLogger - Copying 0 resource
2023-03-09 09:38:42,785 [Worker-45: Building] WARN  o.e.m.c.i.embedder.EclipseLogger - Using platform encoding (Cp1252 actually) to copy filtered resources, i.e. build is platform dependent!
2023-03-09 09:38:42,786 [Worker-45: Building] INFO  o.e.m.c.i.embedder.EclipseLogger - Copying 0 resource
2023-03-09 09:38:42,786 [Worker-45: Building] WARN  o.e.m.c.i.embedder.EclipseLogger - Using platform encoding (Cp1252 actually) to copy filtered resources, i.e. build is platform dependent!
2023-03-09 09:38:42,788 [Worker-45: Building] INFO  o.e.m.c.i.embedder.EclipseLogger - Copying 0 resource
2023-03-09 09:41:27,676 [Worker-48: Building] WARN  o.e.m.c.i.embedder.EclipseLogger - Using platform encoding (Cp1252 actually) to copy filtered resources, i.e. build is platform dependent!
2023-03-09 09:41:27,677 [Worker-48: Building] INFO  o.e.m.c.i.embedder.EclipseLogger - Copying 0 resource
2023-03-09 09:41:27,679 [Worker-48: Building] WARN  o.e.m.c.i.embedder.EclipseLogger - Using platform encoding (Cp1252 actually) to copy filtered resources, i.e. build is platform dependent!
2023-03-09 09:41:27,680 [Worker-48: Building] INFO  o.e.m.c.i.embedder.EclipseLogger - Copying 0 resource
2023-03-09 09:43:52,026 [Worker-49: Building] WARN  o.e.m.c.i.embedder.EclipseLogger - Using platform encoding (Cp1252 actually) to copy filtered resources, i.e. build is platform dependent!
2023-03-09 09:43:52,027 [Worker-49: Building] INFO  o.e.m.c.i.embedder.EclipseLogger - Copying 0 resource
2023-03-09 09:43:52,028 [Worker-49: Building] WARN  o.e.m.c.i.embedder.EclipseLogger - Using platform encoding (Cp1252 actually) to copy filtered resources, i.e. build is platform dependent!
2023-03-09 09:43:52,029 [Worker-49: Building] INFO  o.e.m.c.i.embedder.EclipseLogger - Copying 0 resource
2023-03-09 09:44:03,468 [Worker-41: Launching FacebookROBOTkey] WARN  o.e.m.c.i.embedder.EclipseLogger - Using platform encoding (Cp1252 actually) to copy filtered resources, i.e. build is platform dependent!
2023-03-09 09:44:03,469 [Worker-41: Launching FacebookROBOTkey] INFO  o.e.m.c.i.embedder.EclipseLogger - Copying 0 resource
2023-03-09 09:44:03,470 [Worker-41: Launching FacebookROBOTkey] WARN  o.e.m.c.i.embedder.EclipseLogger - Using platform encoding (Cp1252 actually) to copy filtered resources, i.e. build is platform dependent!
2023-03-09 09:44:03,472 [Worker-41: Launching FacebookROBOTkey] INFO  o.e.m.c.i.embedder.EclipseLogger - Copying 0 resource
2023-03-09 09:47:34,800 [Worker-41: Launching FacebookROBOTkey] WARN  o.e.m.c.i.embedder.EclipseLogger - Using platform encoding (Cp1252 actually) to copy filtered resources, i.e. build is platform dependent!
2023-03-09 09:47:34,801 [Worker-41: Launching FacebookROBOTkey] INFO  o.e.m.c.i.embedder.EclipseLogger - Copying 0 resource
2023-03-09 09:47:34,803 [Worker-41: Launching FacebookROBOTkey] WARN  o.e.m.c.i.embedder.EclipseLogger - Using platform encoding (Cp1252 actually) to copy filtered resources, i.e. build is platform dependent!
2023-03-09 09:47:34,805 [Worker-41: Launching FacebookROBOTkey] INFO  o.e.m.c.i.embedder.EclipseLogger - Copying 0 resource
2023-03-09 10:00:27,895 [Worker-41: Building] WARN  o.e.m.c.i.embedder.EclipseLogger - Using platform encoding (Cp1252 actually) to copy filtered resources, i.e. build is platform dependent!
2023-03-09 10:00:27,904 [Worker-41: Building] INFO  o.e.m.c.i.embedder.EclipseLogger - Copying 0 resource
2023-03-09 10:00:27,906 [Worker-41: Building] WARN  o.e.m.c.i.embedder.EclipseLogger - Using platform encoding (Cp1252 actually) to copy filtered resources, i.e. build is platform dependent!
2023-03-09 10:00:27,906 [Worker-41: Building] INFO  o.e.m.c.i.embedder.EclipseLogger - Copying 0 resource
2023-03-09 10:02:42,790 [Worker-51: Building] WARN  o.e.m.c.i.embedder.EclipseLogger - Using platform encoding (Cp1252 actually) to copy filtered resources, i.e. build is platform dependent!
2023-03-09 10:02:42,792 [Worker-51: Building] INFO  o.e.m.c.i.embedder.EclipseLogger - Copying 0 resource
2023-03-09 10:02:42,793 [Worker-51: Building] WARN  o.e.m.c.i.embedder.EclipseLogger - Using platform encoding (Cp1252 actually) to copy filtered resources, i.e. build is platform dependent!
2023-03-09 10:02:42,794 [Worker-51: Building] INFO  o.e.m.c.i.embedder.EclipseLogger - Copying 0 resource
2023-03-09 10:03:48,172 [Worker-53: Building] WARN  o.e.m.c.i.embedder.EclipseLogger - Using platform encoding (Cp1252 actually) to copy filtered resources, i.e. build is platform dependent!
2023-03-09 10:03:48,173 [Worker-53: Building] INFO  o.e.m.c.i.embedder.EclipseLogger - Copying 0 resource
2023-03-09 10:03:48,175 [Worker-53: Building] WARN  o.e.m.c.i.embedder.EclipseLogger - Using platform encoding (Cp1252 actually) to copy filtered resources, i.e. build is platform dependent!
2023-03-09 10:03:48,175 [Worker-53: Building] INFO  o.e.m.c.i.embedder.EclipseLogger - Copying 0 resource
2023-03-09 10:23:57,405 [Worker-57: Launching OkAlert] WARN  o.e.m.c.i.embedder.EclipseLogger - Using platform encoding (Cp1252 actually) to copy filtered resources, i.e. build is platform dependent!
2023-03-09 10:23:57,407 [Worker-57: Launching OkAlert] INFO  o.e.m.c.i.embedder.EclipseLogger - Copying 0 resource
2023-03-09 10:23:57,409 [Worker-57: Launching OkAlert] WARN  o.e.m.c.i.embedder.EclipseLogger - Using platform encoding (Cp1252 actually) to copy filtered resources, i.e. build is platform dependent!
2023-03-09 10:23:57,410 [Worker-57: Launching OkAlert] INFO  o.e.m.c.i.embedder.EclipseLogger - Copying 0 resource
2023-03-09 10:24:53,024 [Worker-41: Building] WARN  o.e.m.c.i.embedder.EclipseLogger - Using platform encoding (Cp1252 actually) to copy filtered resources, i.e. build is platform dependent!
2023-03-09 10:24:53,025 [Worker-41: Building] INFO  o.e.m.c.i.embedder.EclipseLogger - Copying 0 resource
2023-03-09 10:24:53,026 [Worker-41: Building] WARN  o.e.m.c.i.embedder.EclipseLogger - Using platform encoding (Cp1252 actually) to copy filtered resources, i.e. build is platform dependent!
2023-03-09 10:24:53,027 [Worker-41: Building] INFO  o.e.m.c.i.embedder.EclipseLogger - Copying 0 resource
2023-03-09 10:34:11,818 [Worker-41: Launching OkAlert] WARN  o.e.m.c.i.embedder.EclipseLogger - Using platform encoding (Cp1252 actually) to copy filtered resources, i.e. build is platform dependent!
2023-03-09 10:34:11,819 [Worker-41: Launching OkAlert] INFO  o.e.m.c.i.embedder.EclipseLogger - Copying 0 resource
2023-03-09 10:34:11,821 [Worker-41: Launching OkAlert] WARN  o.e.m.c.i.embedder.EclipseLogger - Using platform encoding (Cp1252 actually) to copy filtered resources, i.e. build is platform dependent!
2023-03-09 10:34:11,822 [Worker-41: Launching OkAlert] INFO  o.e.m.c.i.embedder.EclipseLogger - Copying 0 resource
2023-03-09 10:44:17,103 [Worker-41: Building] WARN  o.e.m.c.i.embedder.EclipseLogger - Using platform encoding (Cp1252 actually) to copy filtered resources, i.e. build is platform dependent!
2023-03-09 10:44:17,104 [Worker-41: Building] INFO  o.e.m.c.i.embedder.EclipseLogger - Copying 0 resource
2023-03-09 10:44:17,106 [Worker-41: Building] WARN  o.e.m.c.i.embedder.EclipseLogger - Using platform encoding (Cp1252 actually) to copy filtered resources, i.e. build is platform dependent!
2023-03-09 10:44:17,107 [Worker-41: Building] INFO  o.e.m.c.i.embedder.EclipseLogger - Copying 0 resource
2023-03-09 10:47:07,010 [Worker-67: Launching AlertwithText] WARN  o.e.m.c.i.embedder.EclipseLogger - Using platform encoding (Cp1252 actually) to copy filtered resources, i.e. build is platform dependent!
2023-03-09 10:47:07,010 [Worker-67: Launching AlertwithText] INFO  o.e.m.c.i.embedder.EclipseLogger - Copying 0 resource
2023-03-09 10:47:07,012 [Worker-67: Launching AlertwithText] WARN  o.e.m.c.i.embedder.EclipseLogger - Using platform encoding (Cp1252 actually) to copy filtered resources, i.e. build is platform dependent!
2023-03-09 10:47:07,013 [Worker-67: Launching AlertwithText] INFO  o.e.m.c.i.embedder.EclipseLogger - Copying 0 resource
2023-03-09 10:49:20,098 [Worker-67: Launching AlertwithText] WARN  o.e.m.c.i.embedder.EclipseLogger - Using platform encoding (Cp1252 actually) to copy filtered resources, i.e. build is platform dependent!
2023-03-09 10:49:20,099 [Worker-67: Launching AlertwithText] INFO  o.e.m.c.i.embedder.EclipseLogger - Copying 0 resource
2023-03-09 10:49:20,101 [Worker-67: Launching AlertwithText] WARN  o.e.m.c.i.embedder.EclipseLogger - Using platform encoding (Cp1252 actually) to copy filtered resources, i.e. build is platform dependent!
2023-03-09 10:49:20,102 [Worker-67: Launching AlertwithText] INFO  o.e.m.c.i.embedder.EclipseLogger - Copying 0 resource
2023-03-09 10:50:30,871 [Worker-41: Building] WARN  o.e.m.c.i.embedder.EclipseLogger - Using platform encoding (Cp1252 actually) to copy filtered resources, i.e. build is platform dependent!
2023-03-09 10:50:30,872 [Worker-41: Building] INFO  o.e.m.c.i.embedder.EclipseLogger - Copying 0 resource
2023-03-09 10:50:30,873 [Worker-41: Building] WARN  o.e.m.c.i.embedder.EclipseLogger - Using platform encoding (Cp1252 actually) to copy filtered resources, i.e. build is platform dependent!
2023-03-09 10:50:30,874 [Worker-41: Building] INFO  o.e.m.c.i.embedder.EclipseLogger - Copying 0 resource
2023-03-09 10:51:00,785 [Worker-54: Building] WARN  o.e.m.c.i.embedder.EclipseLogger - Using platform encoding (Cp1252 actually) to copy filtered resources, i.e. build is platform dependent!
2023-03-09 10:51:00,786 [Worker-54: Building] INFO  o.e.m.c.i.embedder.EclipseLogger - Copying 0 resource
2023-03-09 10:51:00,787 [Worker-54: Building] WARN  o.e.m.c.i.embedder.EclipseLogger - Using platform encoding (Cp1252 actually) to copy filtered resources, i.e. build is platform dependent!
2023-03-09 10:51:00,788 [Worker-54: Building] INFO  o.e.m.c.i.embedder.EclipseLogger - Copying 0 resource
2023-03-09 10:56:34,061 [Worker-54: Launching Int_LONG] WARN  o.e.m.c.i.embedder.EclipseLogger - Using platform encoding (Cp1252 actually) to copy filtered resources, i.e. build is platform dependent!
2023-03-09 10:56:34,062 [Worker-54: Launching Int_LONG] INFO  o.e.m.c.i.embedder.EclipseLogger - Copying 0 resource
2023-03-09 10:56:34,064 [Worker-54: Launching Int_LONG] WARN  o.e.m.c.i.embedder.EclipseLogger - Using platform encoding (Cp1252 actually) to copy filtered resources, i.e. build is platform dependent!
2023-03-09 10:56:34,065 [Worker-54: Launching Int_LONG] INFO  o.e.m.c.i.embedder.EclipseLogger - Copying 0 resource
2023-03-09 10:58:05,076 [Worker-54: Building] WARN  o.e.m.c.i.embedder.EclipseLogger - Using platform encoding (Cp1252 actually) to copy filtered resources, i.e. build is platform dependent!
2023-03-09 10:58:05,077 [Worker-54: Building] INFO  o.e.m.c.i.embedder.EclipseLogger - Copying 0 resource
2023-03-09 10:58:05,078 [Worker-54: Building] WARN  o.e.m.c.i.embedder.EclipseLogger - Using platform encoding (Cp1252 actually) to copy filtered resources, i.e. build is platform dependent!
2023-03-09 10:58:05,079 [Worker-54: Building] INFO  o.e.m.c.i.embedder.EclipseLogger - Copying 0 resource
2023-03-09 11:00:22,746 [Worker-69: Building] WARN  o.e.m.c.i.embedder.EclipseLogger - Using platform encoding (Cp1252 actually) to copy filtered resources, i.e. build is platform dependent!
2023-03-09 11:00:22,747 [Worker-69: Building] INFO  o.e.m.c.i.embedder.EclipseLogger - Copying 0 resource
2023-03-09 11:00:22,748 [Worker-69: Building] WARN  o.e.m.c.i.embedder.EclipseLogger - Using platform encoding (Cp1252 actually) to copy filtered resources, i.e. build is platform dependent!
2023-03-09 11:00:22,749 [Worker-69: Building] INFO  o.e.m.c.i.embedder.EclipseLogger - Copying 0 resource
2023-03-09 11:04:37,677 [Worker-72: Building] WARN  o.e.m.c.i.embedder.EclipseLogger - Using platform encoding (Cp1252 actually) to copy filtered resources, i.e. build is platform dependent!
2023-03-09 11:04:37,678 [Worker-72: Building] INFO  o.e.m.c.i.embedder.EclipseLogger - Copying 0 resource
2023-03-09 11:04:37,679 [Worker-72: Building] WARN  o.e.m.c.i.embedder.EclipseLogger - Using platform encoding (Cp1252 actually) to copy filtered resources, i.e. build is platform dependent!
2023-03-09 11:04:37,680 [Worker-72: Building] INFO  o.e.m.c.i.embedder.EclipseLogger - Copying 0 resource
2023-03-09 11:05:46,621 [Worker-69: Building] WARN  o.e.m.c.i.embedder.EclipseLogger - Using platform encoding (Cp1252 actually) to copy filtered resources, i.e. build is platform dependent!
2023-03-09 11:05:46,622 [Worker-69: Building] INFO  o.e.m.c.i.embedder.EclipseLogger - Copying 0 resource
2023-03-09 11:05:46,623 [Worker-69: Building] WARN  o.e.m.c.i.embedder.EclipseLogger - Using platform encoding (Cp1252 actually) to copy filtered resources, i.e. build is platform dependent!
2023-03-09 11:05:46,624 [Worker-69: Building] INFO  o.e.m.c.i.embedder.EclipseLogger - Copying 0 resource
2023-03-09 11:07:16,124 [Worker-74: Launching FacebookScreenshot] WARN  o.e.m.c.i.embedder.EclipseLogger - Using platform encoding (Cp1252 actually) to copy filtered resources, i.e. build is platform dependent!
2023-03-09 11:07:16,126 [Worker-74: Launching FacebookScreenshot] INFO  o.e.m.c.i.embedder.EclipseLogger - Copying 0 resource
2023-03-09 11:07:16,128 [Worker-74: Launching FacebookScreenshot] WARN  o.e.m.c.i.embedder.EclipseLogger - Using platform encoding (Cp1252 actually) to copy filtered resources, i.e. build is platform dependent!
2023-03-09 11:07:16,129 [Worker-74: Launching FacebookScreenshot] INFO  o.e.m.c.i.embedder.EclipseLogger - Copying 0 resource
2023-03-09 11:07:45,254 [Worker-74: Building] WARN  o.e.m.c.i.embedder.EclipseLogger - Using platform encoding (Cp1252 actually) to copy filtered resources, i.e. build is platform dependent!
2023-03-09 11:07:45,265 [Worker-74: Building] INFO  o.e.m.c.i.embedder.EclipseLogger - Copying 0 resource
2023-03-09 11:07:45,267 [Worker-74: Building] WARN  o.e.m.c.i.embedder.EclipseLogger - Using platform encoding (Cp1252 actually) to copy filtered resources, i.e. build is platform dependent!
2023-03-09 11:07:45,268 [Worker-74: Building] INFO  o.e.m.c.i.embedder.EclipseLogger - Copying 0 resource
2023-03-09 11:12:31,266 [Worker-75: Building] WARN  o.e.m.c.i.embedder.EclipseLogger - Using platform encoding (Cp1252 actually) to copy filtered resources, i.e. build is platform dependent!
2023-03-09 11:12:31,267 [Worker-75: Building] INFO  o.e.m.c.i.embedder.EclipseLogger - Copying 0 resource
2023-03-09 11:12:31,272 [Worker-75: Building] WARN  o.e.m.c.i.embedder.EclipseLogger - Using platform encoding (Cp1252 actually) to copy filtered resources, i.e. build is platform dependent!
2023-03-09 11:12:31,273 [Worker-75: Building] INFO  o.e.m.c.i.embedder.EclipseLogger - Copying 0 resource
2023-03-09 11:13:10,972 [Worker-76: Building] WARN  o.e.m.c.i.embedder.EclipseLogger - Using platform encoding (Cp1252 actually) to copy filtered resources, i.e. build is platform dependent!
2023-03-09 11:13:10,973 [Worker-76: Building] INFO  o.e.m.c.i.embedder.EclipseLogger - Copying 0 resource
2023-03-09 11:13:10,974 [Worker-76: Building] WARN  o.e.m.c.i.embedder.EclipseLogger - Using platform encoding (Cp1252 actually) to copy filtered resources, i.e. build is platform dependent!
2023-03-09 11:13:10,975 [Worker-76: Building] INFO  o.e.m.c.i.embedder.EclipseLogger - Copying 0 resource
2023-03-09 11:20:11,456 [Worker-76: Launching JSexecutorFacebook] WARN  o.e.m.c.i.embedder.EclipseLogger - Using platform encoding (Cp1252 actually) to copy filtered resources, i.e. build is platform dependent!
2023-03-09 11:20:11,457 [Worker-76: Launching JSexecutorFacebook] INFO  o.e.m.c.i.embedder.EclipseLogger - Copying 0 resource
2023-03-09 11:20:11,459 [Worker-76: Launching JSexecutorFacebook] WARN  o.e.m.c.i.embedder.EclipseLogger - Using platform encoding (Cp1252 actually) to copy filtered resources, i.e. build is platform dependent!
2023-03-09 11:20:11,460 [Worker-76: Launching JSexecutorFacebook] INFO  o.e.m.c.i.embedder.EclipseLogger - Copying 0 resource
2023-03-09 11:20:51,452 [Worker-75: Launching JSexecutorFacebook] WARN  o.e.m.c.i.embedder.EclipseLogger - Using platform encoding (Cp1252 actually) to copy filtered resources, i.e. build is platform dependent!
2023-03-09 11:20:51,453 [Worker-75: Launching JSexecutorFacebook] INFO  o.e.m.c.i.embedder.EclipseLogger - Copying 0 resource
2023-03-09 11:20:51,454 [Worker-75: Launching JSexecutorFacebook] WARN  o.e.m.c.i.embedder.EclipseLogger - Using platform encoding (Cp1252 actually) to copy filtered resources, i.e. build is platform dependent!
2023-03-09 11:20:51,455 [Worker-75: Launching JSexecutorFacebook] INFO  o.e.m.c.i.embedder.EclipseLogger - Copying 0 resource
2023-03-09 11:26:05,472 [Worker-80: Building] WARN  o.e.m.c.i.embedder.EclipseLogger - Using platform encoding (Cp1252 actually) to copy filtered resources, i.e. build is platform dependent!
2023-03-09 11:26:05,474 [Worker-80: Building] INFO  o.e.m.c.i.embedder.EclipseLogger - Copying 0 resource
2023-03-09 11:26:05,475 [Worker-80: Building] WARN  o.e.m.c.i.embedder.EclipseLogger - Using platform encoding (Cp1252 actually) to copy filtered resources, i.e. build is platform dependent!
2023-03-09 11:26:05,475 [Worker-80: Building] INFO  o.e.m.c.i.embedder.EclipseLogger - Copying 0 resource
2023-03-09 11:28:26,455 [Worker-69: Launching JSexecutorScrollGuru99] WARN  o.e.m.c.i.embedder.EclipseLogger - Using platform encoding (Cp1252 actually) to copy filtered resources, i.e. build is platform dependent!
2023-03-09 11:28:26,456 [Worker-69: Launching JSexecutorScrollGuru99] INFO  o.e.m.c.i.embedder.EclipseLogger - Copying 0 resource
2023-03-09 11:28:26,458 [Worker-69: Launching JSexecutorScrollGuru99] WARN  o.e.m.c.i.embedder.EclipseLogger - Using platform encoding (Cp1252 actually) to copy filtered resources, i.e. build is platform dependent!
2023-03-09 11:28:26,459 [Worker-69: Launching JSexecutorScrollGuru99] INFO  o.e.m.c.i.embedder.EclipseLogger - Copying 0 resource
2023-03-09 11:29:05,625 [Worker-83: Building] WARN  o.e.m.c.i.embedder.EclipseLogger - Using platform encoding (Cp1252 actually) to copy filtered resources, i.e. build is platform dependent!
2023-03-09 11:29:05,626 [Worker-83: Building] INFO  o.e.m.c.i.embedder.EclipseLogger - Copying 0 resource
2023-03-09 11:29:05,628 [Worker-83: Building] WARN  o.e.m.c.i.embedder.EclipseLogger - Using platform encoding (Cp1252 actually) to copy filtered resources, i.e. build is platform dependent!
2023-03-09 11:29:05,629 [Worker-83: Building] INFO  o.e.m.c.i.embedder.EclipseLogger - Copying 0 resource
2023-03-09 11:30:32,298 [Worker-79: Launching JSexecutorScrollGuru99] WARN  o.e.m.c.i.embedder.EclipseLogger - Using platform encoding (Cp1252 actually) to copy filtered resources, i.e. build is platform dependent!
2023-03-09 11:30:32,300 [Worker-79: Launching JSexecutorScrollGuru99] INFO  o.e.m.c.i.embedder.EclipseLogger - Copying 0 resource
2023-03-09 11:30:32,301 [Worker-79: Launching JSexecutorScrollGuru99] WARN  o.e.m.c.i.embedder.EclipseLogger - Using platform encoding (Cp1252 actually) to copy filtered resources, i.e. build is platform dependent!
2023-03-09 11:30:32,302 [Worker-79: Launching JSexecutorScrollGuru99] INFO  o.e.m.c.i.embedder.EclipseLogger - Copying 0 resource
2023-03-09 11:34:42,744 [Worker-74: Launching JSexecutorScrollGuru99] WARN  o.e.m.c.i.embedder.EclipseLogger - Using platform encoding (Cp1252 actually) to copy filtered resources, i.e. build is platform dependent!
2023-03-09 11:34:42,746 [Worker-74: Launching JSexecutorScrollGuru99] INFO  o.e.m.c.i.embedder.EclipseLogger - Copying 0 resource
2023-03-09 11:34:42,747 [Worker-74: Launching JSexecutorScrollGuru99] WARN  o.e.m.c.i.embedder.EclipseLogger - Using platform encoding (Cp1252 actually) to copy filtered resources, i.e. build is platform dependent!
2023-03-09 11:34:42,748 [Worker-74: Launching JSexecutorScrollGuru99] INFO  o.e.m.c.i.embedder.EclipseLogger - Copying 0 resource
2023-03-09 11:35:53,888 [Worker-79: Building] WARN  o.e.m.c.i.embedder.EclipseLogger - Using platform encoding (Cp1252 actually) to copy filtered resources, i.e. build is platform dependent!
2023-03-09 11:35:53,889 [Worker-79: Building] INFO  o.e.m.c.i.embedder.EclipseLogger - Copying 0 resource
2023-03-09 11:35:53,890 [Worker-79: Building] WARN  o.e.m.c.i.embedder.EclipseLogger - Using platform encoding (Cp1252 actually) to copy filtered resources, i.e. build is platform dependent!
2023-03-09 11:35:53,890 [Worker-79: Building] INFO  o.e.m.c.i.embedder.EclipseLogger - Copying 0 resource
2023-03-09 11:36:21,397 [Worker-81: Launching JSexecutorScrollGuru99] WARN  o.e.m.c.i.embedder.EclipseLogger - Using platform encoding (Cp1252 actually) to copy filtered resources, i.e. build is platform dependent!
2023-03-09 11:36:21,398 [Worker-81: Launching JSexecutorScrollGuru99] INFO  o.e.m.c.i.embedder.EclipseLogger - Copying 0 resource
2023-03-09 11:36:21,399 [Worker-81: Launching JSexecutorScrollGuru99] WARN  o.e.m.c.i.embedder.EclipseLogger - Using platform encoding (Cp1252 actually) to copy filtered resources, i.e. build is platform dependent!
2023-03-09 11:36:21,400 [Worker-81: Launching JSexecutorScrollGuru99] INFO  o.e.m.c.i.embedder.EclipseLogger - Copying 0 resource
2023-03-09 11:37:55,066 [Worker-74: Launching JSexecutorScrollGuru99] WARN  o.e.m.c.i.embedder.EclipseLogger - Using platform encoding (Cp1252 actually) to copy filtered resources, i.e. build is platform dependent!
2023-03-09 11:37:55,066 [Worker-74: Launching JSexecutorScrollGuru99] INFO  o.e.m.c.i.embedder.EclipseLogger - Copying 0 resource
2023-03-09 11:37:55,068 [Worker-74: Launching JSexecutorScrollGuru99] WARN  o.e.m.c.i.embedder.EclipseLogger - Using platform encoding (Cp1252 actually) to copy filtered resources, i.e. build is platform dependent!
2023-03-09 11:37:55,069 [Worker-74: Launching JSexecutorScrollGuru99] INFO  o.e.m.c.i.embedder.EclipseLogger - Copying 0 resource
2023-03-09 11:42:48,399 [Worker-83: Launching JSexecutorScrollGuru99] WARN  o.e.m.c.i.embedder.EclipseLogger - Using platform encoding (Cp1252 actually) to copy filtered resources, i.e. build is platform dependent!
2023-03-09 11:42:48,402 [Worker-83: Launching JSexecutorScrollGuru99] INFO  o.e.m.c.i.embedder.EclipseLogger - Copying 0 resource
2023-03-09 11:42:48,403 [Worker-83: Launching JSexecutorScrollGuru99] WARN  o.e.m.c.i.embedder.EclipseLogger - Using platform encoding (Cp1252 actually) to copy filtered resources, i.e. build is platform dependent!
2023-03-09 11:42:48,404 [Worker-83: Launching JSexecutorScrollGuru99] INFO  o.e.m.c.i.embedder.EclipseLogger - Copying 0 resource
2023-03-09 11:45:31,328 [Worker-85: Launching JSexecutorScrollGuru99] WARN  o.e.m.c.i.embedder.EclipseLogger - Using platform encoding (Cp1252 actually) to copy filtered resources, i.e. build is platform dependent!
2023-03-09 11:45:31,330 [Worker-85: Launching JSexecutorScrollGuru99] INFO  o.e.m.c.i.embedder.EclipseLogger - Copying 0 resource
2023-03-09 11:45:31,333 [Worker-85: Launching JSexecutorScrollGuru99] WARN  o.e.m.c.i.embedder.EclipseLogger - Using platform encoding (Cp1252 actually) to copy filtered resources, i.e. build is platform dependent!
2023-03-09 11:45:31,335 [Worker-85: Launching JSexecutorScrollGuru99] INFO  o.e.m.c.i.embedder.EclipseLogger - Copying 0 resource
2023-03-09 11:49:15,067 [Worker-90: Building] WARN  o.e.m.c.i.embedder.EclipseLogger - Using platform encoding (Cp1252 actually) to copy filtered resources, i.e. build is platform dependent!
2023-03-09 11:49:15,068 [Worker-90: Building] INFO  o.e.m.c.i.embedder.EclipseLogger - Copying 0 resource
2023-03-09 11:49:15,069 [Worker-90: Building] WARN  o.e.m.c.i.embedder.EclipseLogger - Using platform encoding (Cp1252 actually) to copy filtered resources, i.e. build is platform dependent!
2023-03-09 11:49:15,072 [Worker-90: Building] INFO  o.e.m.c.i.embedder.EclipseLogger - Copying 0 resource
2023-03-09 11:49:38,605 [Worker-90: Building] WARN  o.e.m.c.i.embedder.EclipseLogger - Using platform encoding (Cp1252 actually) to copy filtered resources, i.e. build is platform dependent!
2023-03-09 11:49:38,606 [Worker-90: Building] INFO  o.e.m.c.i.embedder.EclipseLogger - Copying 0 resource
2023-03-09 11:49:38,608 [Worker-90: Building] WARN  o.e.m.c.i.embedder.EclipseLogger - Using platform encoding (Cp1252 actually) to copy filtered resources, i.e. build is platform dependent!
2023-03-09 11:49:38,609 [Worker-90: Building] INFO  o.e.m.c.i.embedder.EclipseLogger - Copying 0 resource
2023-03-09 11:55:23,538 [Worker-90: Launching Dropdownclass] WARN  o.e.m.c.i.embedder.EclipseLogger - Using platform encoding (Cp1252 actually) to copy filtered resources, i.e. build is platform dependent!
2023-03-09 11:55:23,539 [Worker-90: Launching Dropdownclass] INFO  o.e.m.c.i.embedder.EclipseLogger - Copying 0 resource
2023-03-09 11:55:23,541 [Worker-90: Launching Dropdownclass] WARN  o.e.m.c.i.embedder.EclipseLogger - Using platform encoding (Cp1252 actually) to copy filtered resources, i.e. build is platform dependent!
2023-03-09 11:55:23,542 [Worker-90: Launching Dropdownclass] INFO  o.e.m.c.i.embedder.EclipseLogger - Copying 0 resource
2023-03-09 11:56:39,103 [Worker-85: Launching Dropdownclass] WARN  o.e.m.c.i.embedder.EclipseLogger - Using platform encoding (Cp1252 actually) to copy filtered resources, i.e. build is platform dependent!
2023-03-09 11:56:39,104 [Worker-85: Launching Dropdownclass] INFO  o.e.m.c.i.embedder.EclipseLogger - Copying 0 resource
2023-03-09 11:56:39,105 [Worker-85: Launching Dropdownclass] WARN  o.e.m.c.i.embedder.EclipseLogger - Using platform encoding (Cp1252 actually) to copy filtered resources, i.e. build is platform dependent!
2023-03-09 11:56:39,107 [Worker-85: Launching Dropdownclass] INFO  o.e.m.c.i.embedder.EclipseLogger - Copying 0 resource
2023-03-09 11:59:01,271 [Worker-92: Building] WARN  o.e.m.c.i.embedder.EclipseLogger - Using platform encoding (Cp1252 actually) to copy filtered resources, i.e. build is platform dependent!
2023-03-09 11:59:01,272 [Worker-92: Building] INFO  o.e.m.c.i.embedder.EclipseLogger - Copying 0 resource
2023-03-09 11:59:01,273 [Worker-92: Building] WARN  o.e.m.c.i.embedder.EclipseLogger - Using platform encoding (Cp1252 actually) to copy filtered resources, i.e. build is platform dependent!
2023-03-09 11:59:01,274 [Worker-92: Building] INFO  o.e.m.c.i.embedder.EclipseLogger - Copying 0 resource
2023-03-09 11:59:25,820 [Worker-92: Building] WARN  o.e.m.c.i.embedder.EclipseLogger - Using platform encoding (Cp1252 actually) to copy filtered resources, i.e. build is platform dependent!
2023-03-09 11:59:25,821 [Worker-92: Building] INFO  o.e.m.c.i.embedder.EclipseLogger - Copying 0 resource
2023-03-09 11:59:25,822 [Worker-92: Building] WARN  o.e.m.c.i.embedder.EclipseLogger - Using platform encoding (Cp1252 actually) to copy filtered resources, i.e. build is platform dependent!
2023-03-09 11:59:25,822 [Worker-92: Building] INFO  o.e.m.c.i.embedder.EclipseLogger - Copying 0 resource
2023-03-09 12:03:46,045 [Worker-94: Launching JSexecutorScrollGuru99 (1)] WARN  o.e.m.c.i.embedder.EclipseLogger - Using platform encoding (Cp1252 actually) to copy filtered resources, i.e. build is platform dependent!
2023-03-09 12:03:46,047 [Worker-94: Launching JSexecutorScrollGuru99 (1)] INFO  o.e.m.c.i.embedder.EclipseLogger - Copying 0 resource
2023-03-09 12:03:46,048 [Worker-94: Launching JSexecutorScrollGuru99 (1)] WARN  o.e.m.c.i.embedder.EclipseLogger - Using platform encoding (Cp1252 actually) to copy filtered resources, i.e. build is platform dependent!
2023-03-09 12:03:46,050 [Worker-94: Launching JSexecutorScrollGuru99 (1)] INFO  o.e.m.c.i.embedder.EclipseLogger - Copying 0 resource
2023-03-09 12:06:38,938 [Worker-95: Launching JSexecutorScrollGuru99 (1)] WARN  o.e.m.c.i.embedder.EclipseLogger - Using platform encoding (Cp1252 actually) to copy filtered resources, i.e. build is platform dependent!
2023-03-09 12:06:38,941 [Worker-95: Launching JSexecutorScrollGuru99 (1)] INFO  o.e.m.c.i.embedder.EclipseLogger - Copying 0 resource
2023-03-09 12:06:38,943 [Worker-95: Launching JSexecutorScrollGuru99 (1)] WARN  o.e.m.c.i.embedder.EclipseLogger - Using platform encoding (Cp1252 actually) to copy filtered resources, i.e. build is platform dependent!
2023-03-09 12:06:38,945 [Worker-95: Launching JSexecutorScrollGuru99 (1)] INFO  o.e.m.c.i.embedder.EclipseLogger - Copying 0 resource
2023-03-09 12:10:27,728 [Worker-97: Launching JSexecutorScrollGuru99 (1)] WARN  o.e.m.c.i.embedder.EclipseLogger - Using platform encoding (Cp1252 actually) to copy filtered resources, i.e. build is platform dependent!
2023-03-09 12:10:27,730 [Worker-97: Launching JSexecutorScrollGuru99 (1)] INFO  o.e.m.c.i.embedder.EclipseLogger - Copying 0 resource
2023-03-09 12:10:27,732 [Worker-97: Launching JSexecutorScrollGuru99 (1)] WARN  o.e.m.c.i.embedder.EclipseLogger - Using platform encoding (Cp1252 actually) to copy filtered resources, i.e. build is platform dependent!
2023-03-09 12:10:27,734 [Worker-97: Launching JSexecutorScrollGuru99 (1)] INFO  o.e.m.c.i.embedder.EclipseLogger - Copying 0 resource
2023-03-09 12:11:15,548 [Worker-100: Building] WARN  o.e.m.c.i.embedder.EclipseLogger - Using platform encoding (Cp1252 actually) to copy filtered resources, i.e. build is platform dependent!
2023-03-09 12:11:15,549 [Worker-100: Building] INFO  o.e.m.c.i.embedder.EclipseLogger - Copying 0 resource
2023-03-09 12:11:15,551 [Worker-100: Building] WARN  o.e.m.c.i.embedder.EclipseLogger - Using platform encoding (Cp1252 actually) to copy filtered resources, i.e. build is platform dependent!
2023-03-09 12:11:15,552 [Worker-100: Building] INFO  o.e.m.c.i.embedder.EclipseLogger - Copying 0 resource
2023-03-09 12:11:51,607 [Worker-95: Building] WARN  o.e.m.c.i.embedder.EclipseLogger - Using platform encoding (Cp1252 actually) to copy filtered resources, i.e. build is platform dependent!
2023-03-09 12:11:51,607 [Worker-95: Building] INFO  o.e.m.c.i.embedder.EclipseLogger - Copying 0 resource
2023-03-09 12:11:51,609 [Worker-95: Building] WARN  o.e.m.c.i.embedder.EclipseLogger - Using platform encoding (Cp1252 actually) to copy filtered resources, i.e. build is platform dependent!
2023-03-09 12:11:51,610 [Worker-95: Building] INFO  o.e.m.c.i.embedder.EclipseLogger - Copying 0 resource
2023-03-09 12:25:38,025 [Worker-94: Launching windowsHandlingProgram] WARN  o.e.m.c.i.embedder.EclipseLogger - Using platform encoding (Cp1252 actually) to copy filtered resources, i.e. build is platform dependent!
2023-03-09 12:25:38,027 [Worker-94: Launching windowsHandlingProgram] INFO  o.e.m.c.i.embedder.EclipseLogger - Copying 0 resource
2023-03-09 12:25:38,028 [Worker-94: Launching windowsHandlingProgram] WARN  o.e.m.c.i.embedder.EclipseLogger - Using platform encoding (Cp1252 actually) to copy filtered resources, i.e. build is platform dependent!
2023-03-09 12:25:38,031 [Worker-94: Launching windowsHandlingProgram] INFO  o.e.m.c.i.embedder.EclipseLogger - Copying 0 resource
2023-03-09 12:27:34,933 [Worker-94: Launching windowsHandlingProgram] WARN  o.e.m.c.i.embedder.EclipseLogger - Using platform encoding (Cp1252 actually) to copy filtered resources, i.e. build is platform dependent!
2023-03-09 12:27:34,936 [Worker-94: Launching windowsHandlingProgram] INFO  o.e.m.c.i.embedder.EclipseLogger - Copying 0 resource
2023-03-09 12:27:34,937 [Worker-94: Launching windowsHandlingProgram] WARN  o.e.m.c.i.embedder.EclipseLogger - Using platform encoding (Cp1252 actually) to copy filtered resources, i.e. build is platform dependent!
2023-03-09 12:27:34,939 [Worker-94: Launching windowsHandlingProgram] INFO  o.e.m.c.i.embedder.EclipseLogger - Copying 0 resource
2023-03-09 12:32:10,910 [Worker-104: Launching windowsHandlingProgram] WARN  o.e.m.c.i.embedder.EclipseLogger - Using platform encoding (Cp1252 actually) to copy filtered resources, i.e. build is platform dependent!
2023-03-09 12:32:10,912 [Worker-104: Launching windowsHandlingProgram] INFO  o.e.m.c.i.embedder.EclipseLogger - Copying 0 resource
2023-03-09 12:32:10,915 [Worker-104: Launching windowsHandlingProgram] WARN  o.e.m.c.i.embedder.EclipseLogger - Using platform encoding (Cp1252 actually) to copy filtered resources, i.e. build is platform dependent!
2023-03-09 12:32:10,917 [Worker-104: Launching windowsHandlingProgram] INFO  o.e.m.c.i.embedder.EclipseLogger - Copying 0 resource
2023-03-09 12:40:55,906 [Worker-102: Launching windowsHandlingProgram] WARN  o.e.m.c.i.embedder.EclipseLogger - Using platform encoding (Cp1252 actually) to copy filtered resources, i.e. build is platform dependent!
2023-03-09 12:40:55,909 [Worker-102: Launching windowsHandlingProgram] INFO  o.e.m.c.i.embedder.EclipseLogger - Copying 0 resource
2023-03-09 12:40:55,911 [Worker-102: Launching windowsHandlingProgram] WARN  o.e.m.c.i.embedder.EclipseLogger - Using platform encoding (Cp1252 actually) to copy filtered resources, i.e. build is platform dependent!
2023-03-09 12:40:55,913 [Worker-102: Launching windowsHandlingProgram] INFO  o.e.m.c.i.embedder.EclipseLogger - Copying 0 resource
2023-03-09 12:44:01,993 [Worker-108: Launching windowsHandlingProgram] WARN  o.e.m.c.i.embedder.EclipseLogger - Using platform encoding (Cp1252 actually) to copy filtered resources, i.e. build is platform dependent!
2023-03-09 12:44:01,994 [Worker-108: Launching windowsHandlingProgram] INFO  o.e.m.c.i.embedder.EclipseLogger - Copying 0 resource
2023-03-09 12:44:01,996 [Worker-108: Launching windowsHandlingProgram] WARN  o.e.m.c.i.embedder.EclipseLogger - Using platform encoding (Cp1252 actually) to copy filtered resources, i.e. build is platform dependent!
2023-03-09 12:44:01,997 [Worker-108: Launching windowsHandlingProgram] INFO  o.e.m.c.i.embedder.EclipseLogger - Copying 0 resource
2023-03-09 12:45:37,609 [Worker-110: Launching windowsHandlingProgram] WARN  o.e.m.c.i.embedder.EclipseLogger - Using platform encoding (Cp1252 actually) to copy filtered resources, i.e. build is platform dependent!
2023-03-09 12:45:37,611 [Worker-110: Launching windowsHandlingProgram] INFO  o.e.m.c.i.embedder.EclipseLogger - Copying 0 resource
2023-03-09 12:45:37,613 [Worker-110: Launching windowsHandlingProgram] WARN  o.e.m.c.i.embedder.EclipseLogger - Using platform encoding (Cp1252 actually) to copy filtered resources, i.e. build is platform dependent!
2023-03-09 12:45:37,615 [Worker-110: Launching windowsHandlingProgram] INFO  o.e.m.c.i.embedder.EclipseLogger - Copying 0 resource
2023-03-09 12:49:20,410 [Worker-109: Building] WARN  o.e.m.c.i.embedder.EclipseLogger - Using platform encoding (Cp1252 actually) to copy filtered resources, i.e. build is platform dependent!
2023-03-09 12:49:20,412 [Worker-109: Building] INFO  o.e.m.c.i.embedder.EclipseLogger - Copying 0 resource
2023-03-09 12:49:20,415 [Worker-109: Building] WARN  o.e.m.c.i.embedder.EclipseLogger - Using platform encoding (Cp1252 actually) to copy filtered resources, i.e. build is platform dependent!
2023-03-09 12:49:20,418 [Worker-109: Building] INFO  o.e.m.c.i.embedder.EclipseLogger - Copying 0 resource
2023-03-11 14:39:37,896 [Worker-6: Loading available Gradle versions] INFO  o.e.b.c.i.u.g.PublishedGradleVersions - Gradle version information cache is up-to-date. Trying to read.
2023-03-11 14:39:39,369 [Worker-3: Updating Maven Dependencies] INFO  o.e.m.c.i.l.LifecycleMappingFactory - Using org.eclipse.m2e.jdt.JarLifecycleMapping lifecycle mapping for MavenProject: org.MavenProject:projectMaven:0.0.1-SNAPSHOT @ D:\WorkSpace\inmakes\selenium\ProjectSelenium\pom.xml.
2023-03-11 14:39:41,411 [Worker-9: Building] WARN  o.e.m.c.i.embedder.EclipseLogger - Using platform encoding (Cp1252 actually) to copy filtered resources, i.e. build is platform dependent!
2023-03-11 14:39:41,416 [Worker-9: Building] INFO  o.e.m.c.i.embedder.EclipseLogger - Copying 0 resource
2023-03-11 14:39:41,419 [Worker-9: Building] WARN  o.e.m.c.i.embedder.EclipseLogger - Using platform encoding (Cp1252 actually) to copy filtered resources, i.e. build is platform dependent!
2023-03-11 14:39:41,420 [Worker-9: Building] INFO  o.e.m.c.i.embedder.EclipseLogger - Copying 0 resource
2023-03-11 15:31:17,549 [Worker-3: Loading available Gradle versions] INFO  o.e.b.c.i.u.g.PublishedGradleVersions - Gradle version information cache is up-to-date. Trying to read.
2023-03-11 15:44:13,721 [Worker-1: Loading available Gradle versions] INFO  o.e.b.c.i.u.g.PublishedGradleVersions - Gradle version information cache is up-to-date. Trying to read.
2023-03-11 16:07:40,460 [Worker-0: Launching FaceBookDirectLocators] WARN  o.e.m.c.i.embedder.EclipseLogger - Using platform encoding (Cp1252 actually) to copy filtered resources, i.e. build is platform dependent!
2023-03-11 16:07:40,470 [Worker-0: Launching FaceBookDirectLocators] INFO  o.e.m.c.i.embedder.EclipseLogger - Copying 0 resource
2023-03-11 16:07:40,473 [Worker-0: Launching FaceBookDirectLocators] WARN  o.e.m.c.i.embedder.EclipseLogger - Using platform encoding (Cp1252 actually) to copy filtered resources, i.e. build is platform dependent!
2023-03-11 16:07:40,473 [Worker-0: Launching FaceBookDirectLocators] INFO  o.e.m.c.i.embedder.EclipseLogger - Copying 0 resource
2023-03-11 16:28:51,842 [Worker-23: Building] WARN  o.e.m.c.i.embedder.EclipseLogger - Using platform encoding (Cp1252 actually) to copy filtered resources, i.e. build is platform dependent!
2023-03-11 16:28:51,858 [Worker-23: Building] INFO  o.e.m.c.i.embedder.EclipseLogger - Copying 0 resource
2023-03-11 16:28:51,862 [Worker-23: Building] WARN  o.e.m.c.i.embedder.EclipseLogger - Using platform encoding (Cp1252 actually) to copy filtered resources, i.e. build is platform dependent!
2023-03-11 16:28:51,865 [Worker-23: Building] INFO  o.e.m.c.i.embedder.EclipseLogger - Copying 0 resource
2023-03-16 17:07:03,619 [Worker-6: Loading available Gradle versions] INFO  o.e.b.c.i.u.g.PublishedGradleVersions - Gradle version information cache is up-to-date. Trying to read.
2023-03-27 17:24:55,497 [Worker-2: Loading available Gradle versions] INFO  o.e.b.c.i.u.g.PublishedGradleVersions - Gradle version information cache is up-to-date. Trying to read.
2023-03-27 17:25:09,413 [Worker-2: Launching FaceBookDirectLocators] WARN  o.e.m.c.i.embedder.EclipseLogger - Using platform encoding (Cp1252 actually) to copy filtered resources, i.e. build is platform dependent!
2023-03-27 17:25:09,421 [Worker-2: Launching FaceBookDirectLocators] INFO  o.e.m.c.i.embedder.EclipseLogger - Copying 0 resource
2023-03-27 17:25:09,425 [Worker-2: Launching FaceBookDirectLocators] WARN  o.e.m.c.i.embedder.EclipseLogger - Using platform encoding (Cp1252 actually) to copy filtered resources, i.e. build is platform dependent!
2023-03-27 17:25:09,427 [Worker-2: Launching FaceBookDirectLocators] INFO  o.e.m.c.i.embedder.EclipseLogger - Copying 0 resource
2023-03-27 17:33:35,357 [Worker-2: Loading available Gradle versions] INFO  o.e.b.c.i.u.g.PublishedGradleVersions - Gradle version information cache is up-to-date. Trying to read.
2023-03-27 19:02:54,001 [Worker-6: Loading available Gradle versions] INFO  o.e.b.c.i.u.g.PublishedGradleVersions - Gradle version information cache is up-to-date. Trying to read.
2023-03-27 19:03:31,185 [Worker-7: Building] WARN  o.e.m.c.i.embedder.EclipseLogger - Using platform encoding (Cp1252 actually) to copy filtered resources, i.e. build is platform dependent!
2023-03-27 19:03:31,194 [Worker-7: Building] INFO  o.e.m.c.i.embedder.EclipseLogger - Copying 0 resource
2023-03-27 19:03:31,197 [Worker-7: Building] WARN  o.e.m.c.i.embedder.EclipseLogger - Using platform encoding (Cp1252 actually) to copy filtered resources, i.e. build is platform dependent!
2023-03-27 19:03:31,198 [Worker-7: Building] INFO  o.e.m.c.i.embedder.EclipseLogger - Copying 0 resource
2023-03-27 19:03:46,284 [Worker-6: Building] WARN  o.e.m.c.i.embedder.EclipseLogger - Using platform encoding (Cp1252 actually) to copy filtered resources, i.e. build is platform dependent!
2023-03-27 19:03:46,286 [Worker-6: Building] INFO  o.e.m.c.i.embedder.EclipseLogger - Copying 0 resource
2023-03-27 19:03:46,289 [Worker-6: Building] WARN  o.e.m.c.i.embedder.EclipseLogger - Using platform encoding (Cp1252 actually) to copy filtered resources, i.e. build is platform dependent!
2023-03-27 19:03:46,291 [Worker-6: Building] INFO  o.e.m.c.i.embedder.EclipseLogger - Copying 0 resource
2023-03-27 19:04:44,814 [Worker-14: Building] INFO  o.e.m.c.i.l.LifecycleMappingFactory - Using org.eclipse.m2e.jdt.JarLifecycleMapping lifecycle mapping for MavenProject: org.MavenProject:projectMaven:0.0.1-SNAPSHOT @ D:\WorkSpace\inmakes\selenium\ProjectSelenium\pom.xml.
2023-03-27 19:04:51,795 [Worker-14: Building] INFO  o.e.m.c.i.e.AbstractTransferListenerAdapter - Downloading https://repo.maven.apache.org/maven2/commons-io/commons-io/2.6/commons-io-2.6.jar
2023-03-27 19:04:57,344 [Worker-14: Building] INFO  o.e.m.c.i.e.AbstractTransferListenerAdapter - Downloaded https://repo.maven.apache.org/maven2/commons-io/commons-io/2.6/commons-io-2.6.jar
2023-03-27 19:04:59,623 [Worker-14: Building] WARN  o.e.m.c.i.embedder.EclipseLogger - Using platform encoding (Cp1252 actually) to copy filtered resources, i.e. build is platform dependent!
2023-03-27 19:04:59,625 [Worker-14: Building] INFO  o.e.m.c.i.embedder.EclipseLogger - Copying 0 resource
2023-03-27 19:04:59,627 [Worker-14: Building] WARN  o.e.m.c.i.embedder.EclipseLogger - Using platform encoding (Cp1252 actually) to copy filtered resources, i.e. build is platform dependent!
2023-03-27 19:04:59,627 [Worker-14: Building] INFO  o.e.m.c.i.embedder.EclipseLogger - Copying 0 resource
2023-03-27 19:05:01,396 [Worker-19: Download sources and javadoc] INFO  o.e.m.c.i.e.AbstractTransferListenerAdapter - Downloading https://repo.maven.apache.org/maven2/commons-io/commons-io/2.6/commons-io-2.6-sources.jar
2023-03-27 19:05:03,436 [Worker-15: Building] WARN  o.e.m.c.i.embedder.EclipseLogger - Using platform encoding (Cp1252 actually) to copy filtered resources, i.e. build is platform dependent!
2023-03-27 19:05:03,439 [Worker-15: Building] INFO  o.e.m.c.i.embedder.EclipseLogger - Copying 0 resource
2023-03-27 19:05:03,440 [Worker-15: Building] WARN  o.e.m.c.i.embedder.EclipseLogger - Using platform encoding (Cp1252 actually) to copy filtered resources, i.e. build is platform dependent!
2023-03-27 19:05:03,441 [Worker-15: Building] INFO  o.e.m.c.i.embedder.EclipseLogger - Copying 0 resource
2023-03-27 19:05:05,061 [Worker-19: Download sources and javadoc] INFO  o.e.m.c.i.e.AbstractTransferListenerAdapter - Downloaded https://repo.maven.apache.org/maven2/commons-io/commons-io/2.6/commons-io-2.6-sources.jar
2023-03-27 19:05:05,066 [Worker-19: Download sources and javadoc] INFO  o.e.m.j.internal.DownloadSourcesJob - Downloaded sources for commons-io:commons-io:2.6
2023-03-27 19:05:05,269 [Worker-20: Building] WARN  o.e.m.c.i.embedder.EclipseLogger - Using platform encoding (Cp1252 actually) to copy filtered resources, i.e. build is platform dependent!
2023-03-27 19:05:05,270 [Worker-20: Building] INFO  o.e.m.c.i.embedder.EclipseLogger - Copying 0 resource
2023-03-27 19:05:05,272 [Worker-20: Building] WARN  o.e.m.c.i.embedder.EclipseLogger - Using platform encoding (Cp1252 actually) to copy filtered resources, i.e. build is platform dependent!
2023-03-27 19:05:05,273 [Worker-20: Building] INFO  o.e.m.c.i.embedder.EclipseLogger - Copying 0 resource
2023-03-27 19:05:28,018 [Worker-15: Building] INFO  o.e.m.c.i.l.LifecycleMappingFactory - Using org.eclipse.m2e.jdt.JarLifecycleMapping lifecycle mapping for MavenProject: org.MavenProject:projectMaven:0.0.1-SNAPSHOT @ D:\WorkSpace\inmakes\selenium\ProjectSelenium\pom.xml.
2023-03-27 19:05:28,259 [Worker-15: Building] WARN  o.e.m.c.i.embedder.EclipseLogger - Using platform encoding (Cp1252 actually) to copy filtered resources, i.e. build is platform dependent!
2023-03-27 19:05:28,261 [Worker-15: Building] INFO  o.e.m.c.i.embedder.EclipseLogger - Copying 0 resource
2023-03-27 19:05:28,263 [Worker-15: Building] WARN  o.e.m.c.i.embedder.EclipseLogger - Using platform encoding (Cp1252 actually) to copy filtered resources, i.e. build is platform dependent!
2023-03-27 19:05:28,264 [Worker-15: Building] INFO  o.e.m.c.i.embedder.EclipseLogger - Copying 0 resource
2023-03-27 19:06:23,775 [Worker-21: Building] INFO  o.e.m.c.i.l.LifecycleMappingFactory - Using org.eclipse.m2e.jdt.JarLifecycleMapping lifecycle mapping for MavenProject: org.MavenProject:projectMaven:0.0.1-SNAPSHOT @ D:\WorkSpace\inmakes\selenium\ProjectSelenium\pom.xml.
2023-03-27 19:06:24,360 [Worker-21: Building] WARN  o.e.m.c.i.embedder.EclipseLogger - Using platform encoding (Cp1252 actually) to copy filtered resources, i.e. build is platform dependent!
2023-03-27 19:06:24,361 [Worker-21: Building] INFO  o.e.m.c.i.embedder.EclipseLogger - Copying 0 resource
2023-03-27 19:06:24,363 [Worker-21: Building] WARN  o.e.m.c.i.embedder.EclipseLogger - Using platform encoding (Cp1252 actually) to copy filtered resources, i.e. build is platform dependent!
2023-03-27 19:06:24,363 [Worker-21: Building] INFO  o.e.m.c.i.embedder.EclipseLogger - Copying 0 resource
2023-03-27 19:06:25,970 [Worker-20: Building] WARN  o.e.m.c.i.embedder.EclipseLogger - Using platform encoding (Cp1252 actually) to copy filtered resources, i.e. build is platform dependent!
2023-03-27 19:06:25,971 [Worker-20: Building] INFO  o.e.m.c.i.embedder.EclipseLogger - Copying 0 resource
2023-03-27 19:06:25,973 [Worker-20: Building] WARN  o.e.m.c.i.embedder.EclipseLogger - Using platform encoding (Cp1252 actually) to copy filtered resources, i.e. build is platform dependent!
2023-03-27 19:06:25,975 [Worker-20: Building] INFO  o.e.m.c.i.embedder.EclipseLogger - Copying 0 resource
2023-03-27 19:06:54,936 [Worker-3: Launching FacebookStaleException] INFO  o.e.m.c.i.l.LifecycleMappingFactory - Using org.eclipse.m2e.jdt.JarLifecycleMapping lifecycle mapping for MavenProject: org.MavenProject:projectMaven:0.0.1-SNAPSHOT @ D:\WorkSpace\inmakes\selenium\ProjectSelenium\pom.xml.
2023-03-27 19:06:55,275 [Worker-3: Launching FacebookStaleException] WARN  o.e.m.c.i.embedder.EclipseLogger - Using platform encoding (Cp1252 actually) to copy filtered resources, i.e. build is platform dependent!
2023-03-27 19:06:55,276 [Worker-3: Launching FacebookStaleException] INFO  o.e.m.c.i.embedder.EclipseLogger - Copying 0 resource
2023-03-27 19:06:55,279 [Worker-3: Launching FacebookStaleException] WARN  o.e.m.c.i.embedder.EclipseLogger - Using platform encoding (Cp1252 actually) to copy filtered resources, i.e. build is platform dependent!
2023-03-27 19:06:55,280 [Worker-3: Launching FacebookStaleException] INFO  o.e.m.c.i.embedder.EclipseLogger - Copying 0 resource
2023-03-27 19:09:22,222 [Worker-18: Building] WARN  o.e.m.c.i.embedder.EclipseLogger - Using platform encoding (Cp1252 actually) to copy filtered resources, i.e. build is platform dependent!
2023-03-27 19:09:22,224 [Worker-18: Building] INFO  o.e.m.c.i.embedder.EclipseLogger - Copying 0 resource
2023-03-27 19:09:22,226 [Worker-18: Building] WARN  o.e.m.c.i.embedder.EclipseLogger - Using platform encoding (Cp1252 actually) to copy filtered resources, i.e. build is platform dependent!
2023-03-27 19:09:22,227 [Worker-18: Building] INFO  o.e.m.c.i.embedder.EclipseLogger - Copying 0 resource
2023-03-27 19:10:11,531 [Worker-9: Building] INFO  o.e.m.c.i.l.LifecycleMappingFactory - Using org.eclipse.m2e.jdt.JarLifecycleMapping lifecycle mapping for MavenProject: org.MavenProject:projectMaven:0.0.1-SNAPSHOT @ D:\WorkSpace\inmakes\selenium\ProjectSelenium\pom.xml.
2023-03-27 19:10:12,027 [Worker-9: Building] WARN  o.e.m.c.i.embedder.EclipseLogger - Using platform encoding (Cp1252 actually) to copy filtered resources, i.e. build is platform dependent!
2023-03-27 19:10:12,033 [Worker-9: Building] INFO  o.e.m.c.i.embedder.EclipseLogger - Copying 0 resource
2023-03-27 19:10:12,036 [Worker-9: Building] WARN  o.e.m.c.i.embedder.EclipseLogger - Using platform encoding (Cp1252 actually) to copy filtered resources, i.e. build is platform dependent!
2023-03-27 19:10:12,036 [Worker-9: Building] INFO  o.e.m.c.i.embedder.EclipseLogger - Copying 0 resource
2023-03-27 19:10:13,691 [Worker-13: Building] WARN  o.e.m.c.i.embedder.EclipseLogger - Using platform encoding (Cp1252 actually) to copy filtered resources, i.e. build is platform dependent!
2023-03-27 19:10:13,693 [Worker-13: Building] INFO  o.e.m.c.i.embedder.EclipseLogger - Copying 0 resource
2023-03-27 19:10:13,695 [Worker-13: Building] WARN  o.e.m.c.i.embedder.EclipseLogger - Using platform encoding (Cp1252 actually) to copy filtered resources, i.e. build is platform dependent!
2023-03-27 19:10:13,698 [Worker-13: Building] INFO  o.e.m.c.i.embedder.EclipseLogger - Copying 0 resource
2023-03-27 19:11:18,672 [Worker-14: Launching FacebookStaleException] INFO  o.e.m.c.i.l.LifecycleMappingFactory - Using org.eclipse.m2e.jdt.JarLifecycleMapping lifecycle mapping for MavenProject: org.MavenProject:projectMaven:0.0.1-SNAPSHOT @ D:\WorkSpace\inmakes\selenium\ProjectSelenium\pom.xml.
2023-03-27 19:11:19,069 [Worker-14: Launching FacebookStaleException] WARN  o.e.m.c.i.embedder.EclipseLogger - Using platform encoding (Cp1252 actually) to copy filtered resources, i.e. build is platform dependent!
2023-03-27 19:11:19,070 [Worker-14: Launching FacebookStaleException] INFO  o.e.m.c.i.embedder.EclipseLogger - Copying 0 resource
2023-03-27 19:11:19,072 [Worker-14: Launching FacebookStaleException] WARN  o.e.m.c.i.embedder.EclipseLogger - Using platform encoding (Cp1252 actually) to copy filtered resources, i.e. build is platform dependent!
2023-03-27 19:11:19,072 [Worker-14: Launching FacebookStaleException] INFO  o.e.m.c.i.embedder.EclipseLogger - Copying 0 resource
2023-03-27 19:13:16,493 [Worker-21: Launching FacebookStaleException] WARN  o.e.m.c.i.embedder.EclipseLogger - Using platform encoding (Cp1252 actually) to copy filtered resources, i.e. build is platform dependent!
2023-03-27 19:13:16,494 [Worker-21: Launching FacebookStaleException] INFO  o.e.m.c.i.embedder.EclipseLogger - Copying 0 resource
2023-03-27 19:13:16,495 [Worker-21: Launching FacebookStaleException] WARN  o.e.m.c.i.embedder.EclipseLogger - Using platform encoding (Cp1252 actually) to copy filtered resources, i.e. build is platform dependent!
2023-03-27 19:13:16,496 [Worker-21: Launching FacebookStaleException] INFO  o.e.m.c.i.embedder.EclipseLogger - Copying 0 resource
2023-03-27 19:15:06,179 [Worker-9: Launching FacebookStaleException] WARN  o.e.m.c.i.embedder.EclipseLogger - Using platform encoding (Cp1252 actually) to copy filtered resources, i.e. build is platform dependent!
2023-03-27 19:15:06,179 [Worker-9: Launching FacebookStaleException] INFO  o.e.m.c.i.embedder.EclipseLogger - Copying 0 resource
2023-03-27 19:15:06,180 [Worker-9: Launching FacebookStaleException] WARN  o.e.m.c.i.embedder.EclipseLogger - Using platform encoding (Cp1252 actually) to copy filtered resources, i.e. build is platform dependent!
2023-03-27 19:15:06,180 [Worker-9: Launching FacebookStaleException] INFO  o.e.m.c.i.embedder.EclipseLogger - Copying 0 resource
2023-03-27 19:15:59,066 [Worker-13: Building] WARN  o.e.m.c.i.embedder.EclipseLogger - Using platform encoding (Cp1252 actually) to copy filtered resources, i.e. build is platform dependent!
2023-03-27 19:15:59,068 [Worker-13: Building] INFO  o.e.m.c.i.embedder.EclipseLogger - Copying 0 resource
2023-03-27 19:15:59,070 [Worker-13: Building] WARN  o.e.m.c.i.embedder.EclipseLogger - Using platform encoding (Cp1252 actually) to copy filtered resources, i.e. build is platform dependent!
2023-03-27 19:15:59,072 [Worker-13: Building] INFO  o.e.m.c.i.embedder.EclipseLogger - Copying 0 resource
2023-03-27 19:16:02,436 [Worker-7: Building] WARN  o.e.m.c.i.embedder.EclipseLogger - Using platform encoding (Cp1252 actually) to copy filtered resources, i.e. build is platform dependent!
2023-03-27 19:16:02,437 [Worker-7: Building] INFO  o.e.m.c.i.embedder.EclipseLogger - Copying 0 resource
2023-03-27 19:16:02,439 [Worker-7: Building] WARN  o.e.m.c.i.embedder.EclipseLogger - Using platform encoding (Cp1252 actually) to copy filtered resources, i.e. build is platform dependent!
2023-03-27 19:16:02,440 [Worker-7: Building] INFO  o.e.m.c.i.embedder.EclipseLogger - Copying 0 resource
2023-03-27 19:16:09,579 [Worker-9: Building] INFO  o.e.m.c.i.l.LifecycleMappingFactory - Using org.eclipse.m2e.jdt.JarLifecycleMapping lifecycle mapping for MavenProject: org.MavenProject:projectMaven:0.0.1-SNAPSHOT @ D:\WorkSpace\inmakes\selenium\ProjectSelenium\pom.xml.
2023-03-27 19:16:09,705 [Worker-9: Building] WARN  o.e.m.c.i.embedder.EclipseLogger - Using platform encoding (Cp1252 actually) to copy filtered resources, i.e. build is platform dependent!
2023-03-27 19:16:09,707 [Worker-9: Building] INFO  o.e.m.c.i.embedder.EclipseLogger - Copying 0 resource
2023-03-27 19:16:09,708 [Worker-9: Building] WARN  o.e.m.c.i.embedder.EclipseLogger - Using platform encoding (Cp1252 actually) to copy filtered resources, i.e. build is platform dependent!
2023-03-27 19:16:09,709 [Worker-9: Building] INFO  o.e.m.c.i.embedder.EclipseLogger - Copying 0 resource
2023-03-27 19:16:11,167 [Worker-4: Building] WARN  o.e.m.c.i.embedder.EclipseLogger - Using platform encoding (Cp1252 actually) to copy filtered resources, i.e. build is platform dependent!
2023-03-27 19:16:11,170 [Worker-4: Building] INFO  o.e.m.c.i.embedder.EclipseLogger - Copying 0 resource
2023-03-27 19:16:11,171 [Worker-4: Building] WARN  o.e.m.c.i.embedder.EclipseLogger - Using platform encoding (Cp1252 actually) to copy filtered resources, i.e. build is platform dependent!
2023-03-27 19:16:11,172 [Worker-4: Building] INFO  o.e.m.c.i.embedder.EclipseLogger - Copying 0 resource
2023-03-27 19:46:44,836 [Worker-4: Loading available Gradle versions] INFO  o.e.b.c.i.u.g.PublishedGradleVersions - Gradle version information cache is up-to-date. Trying to read.
